2020-08-15 14:44:45:456 [Appium] Welcome to Appium v1.15.0
2020-08-15 14:44:45:461 [Appium] Non-default server args:
2020-08-15 14:44:45:465 [Appium]   sessionOverride: true
2020-08-15 14:44:45:466 [Appium]   logFile: /Users/liyuan/PycharmProjects/2020-6月-新一轮高阶编程学习/multi_app_runs/Outputs/appium_server_logs/appium_server_4723.log
2020-08-15 14:44:45:467 [Appium]   logTimestamp: true
2020-08-15 14:44:45:468 [Appium]   localTimezone: true
2020-08-15 14:44:45:531 [Appium] Appium REST http interface listener started on 0.0.0.0:4723
2020-08-15 14:45:01:195 [HTTP] --> POST /wd/hub/session
2020-08-15 14:45:01:197 [HTTP] {"capabilities":{"firstMatch":[{"appium:deviceName":"08e7c5997d2a","appium:platformVersion":"9","platformName":"Android","appium:appPackage":"com.lemon.lemonban","appium:appActivity":"com.lemon.lemonban.activity.WelcomeActivity","appium:noReset":true,"appium:unicodeKeyboard":true,"appium:systemPort":8200}]},"desiredCapabilities":{"deviceName":"08e7c5997d2a","platformVersion":"9","platformName":"Android","appPackage":"com.lemon.lemonban","appActivity":"com.lemon.lemonban.activity.WelcomeActivity","noReset":true,"unicodeKeyboard":true,"systemPort":8200}}
2020-08-15 14:45:01:204 [W3C] Calling AppiumDriver.createSession() with args: [{"deviceName":"08e7c5997d2a","platformVersion":"9","platformName":"Android","appPackage":"com.lemon.lemonban","appActivity":"com.lemon.lemonban.activity.WelcomeActivity","noReset":true,"unicodeKeyboard":true,"systemPort":8200},null,{"firstMatch":[{"appium:deviceName":"08e7c5997d2a","appium:platformVersion":"9","platformName":"Android","appium:appPackage":"com.lemon.lemonban","appium:appActivity":"com.lemon.lemonban.activity.WelcomeActivity","appium:noReset":true,"appium:unicodeKeyboard":true,"appium:systemPort":8200}]}]
2020-08-15 14:45:01:207 [BaseDriver] Event 'newSessionRequested' logged at 1597473901205 (14:45:01 GMT+0800 (China Standard Time))
2020-08-15 14:45:01:242 [Appium] 
2020-08-15 14:45:01:243 [Appium] ======================================================================
2020-08-15 14:45:01:243 [Appium]   DEPRECATION WARNING:
2020-08-15 14:45:01:246 [Appium] 
2020-08-15 14:45:01:248 [Appium]   The 'automationName' capability was not provided in the desired 
2020-08-15 14:45:01:249 [Appium]   capabilities for this Android session
2020-08-15 14:45:01:249 [Appium] 
2020-08-15 14:45:01:249 [Appium]   Setting 'automationName=UiAutomator2' by default and using the 
2020-08-15 14:45:01:250 [Appium]   UiAutomator2 Driver
2020-08-15 14:45:01:251 [Appium] 
2020-08-15 14:45:01:251 [Appium]   The next major version of Appium (2.x) will **require** the 
2020-08-15 14:45:01:252 [Appium]   'automationName' capability to be set for all sessions on all 
2020-08-15 14:45:01:252 [Appium]   platforms
2020-08-15 14:45:01:254 [Appium] 
2020-08-15 14:45:01:254 [Appium]   In previous versions (Appium <= 1.13.x), the default was 
2020-08-15 14:45:01:255 [Appium]   'automationName=UiAutomator1'
2020-08-15 14:45:01:255 [Appium] 
2020-08-15 14:45:01:255 [Appium]   If you wish to use that automation instead of UiAutomator2, please 
2020-08-15 14:45:01:255 [Appium]   add 'automationName=UiAutomator1' to your desired capabilities
2020-08-15 14:45:01:255 [Appium] 
2020-08-15 14:45:01:256 [Appium]   For more information about drivers, please visit 
2020-08-15 14:45:01:256 [Appium]   http://appium.io/docs/en/about-appium/intro/ and explore the 
2020-08-15 14:45:01:256 [Appium]   'Drivers' menu
2020-08-15 14:45:01:256 [Appium] 
2020-08-15 14:45:01:256 [Appium] ======================================================================
2020-08-15 14:45:01:257 [Appium] 
2020-08-15 14:45:01:745 [Appium] Appium v1.15.0 creating new AndroidUiautomator2Driver (v1.37.1) session
2020-08-15 14:45:01:749 [BaseDriver] W3C capabilities and MJSONWP desired capabilities were provided
2020-08-15 14:45:01:750 [BaseDriver] Creating session with W3C capabilities: {
2020-08-15 14:45:01:750 [BaseDriver]   "alwaysMatch": {
2020-08-15 14:45:01:750 [BaseDriver]     "platformName": "Android",
2020-08-15 14:45:01:750 [BaseDriver]     "appium:deviceName": "08e7c5997d2a",
2020-08-15 14:45:01:750 [BaseDriver]     "appium:platformVersion": "9",
2020-08-15 14:45:01:750 [BaseDriver]     "appium:appPackage": "com.lemon.lemonban",
2020-08-15 14:45:01:751 [BaseDriver]     "appium:appActivity": "com.lemon.lemonban.activity.WelcomeActivity",
2020-08-15 14:45:01:751 [BaseDriver]     "appium:noReset": true,
2020-08-15 14:45:01:751 [BaseDriver]     "appium:unicodeKeyboard": true,
2020-08-15 14:45:01:751 [BaseDriver]     "appium:systemPort": 8200
2020-08-15 14:45:01:751 [BaseDriver]   },
2020-08-15 14:45:01:752 [BaseDriver]   "firstMatch": [
2020-08-15 14:45:01:752 [BaseDriver]     {}
2020-08-15 14:45:01:752 [BaseDriver]   ]
2020-08-15 14:45:01:753 [BaseDriver] }
2020-08-15 14:45:01:765 [BaseDriver] Session created with session id: 71242034-09a4-4bb1-9add-1bd7664e5cb3
2020-08-15 14:45:01:766 [UiAutomator2] Starting 'com.lemon.lemonban' directly on the device
2020-08-15 14:45:01:806 [ADB] Found 1 'build-tools' folders under '/Users/liyuan/Library/Android/sdk' (newest first):
2020-08-15 14:45:01:807 [ADB]     /Users/liyuan/Library/Android/sdk/build-tools/29.0.2
2020-08-15 14:45:01:807 [ADB] Using 'adb' from '/Users/liyuan/Library/Android/sdk/platform-tools/adb'
2020-08-15 14:45:01:808 [AndroidDriver] Retrieving device list
2020-08-15 14:45:01:808 [ADB] Trying to find a connected android device
2020-08-15 14:45:01:809 [ADB] Getting connected devices...
2020-08-15 14:45:01:825 [ADB] Connected devices: [{"udid":"08e7c5997d2a","state":"device"},{"udid":"emulator-5554","state":"device"}]
2020-08-15 14:45:01:825 [AndroidDriver] Looking for a device with Android '9'
2020-08-15 14:45:01:826 [ADB] Setting device id to 08e7c5997d2a
2020-08-15 14:45:01:826 [ADB] Getting device platform version
2020-08-15 14:45:01:828 [ADB] Running '/Users/liyuan/Library/Android/sdk/platform-tools/adb -P 5037 -s 08e7c5997d2a shell getprop ro.build.version.release'
2020-08-15 14:45:01:889 [ADB] Current device property 'ro.build.version.release': 9
2020-08-15 14:45:01:891 [AndroidDriver] Using device: 08e7c5997d2a
2020-08-15 14:45:01:893 [ADB] Using 'adb' from '/Users/liyuan/Library/Android/sdk/platform-tools/adb'
2020-08-15 14:45:01:893 [ADB] Setting device id to 08e7c5997d2a
2020-08-15 14:45:01:894 [ADB] Running '/Users/liyuan/Library/Android/sdk/platform-tools/adb -P 5037 -s 08e7c5997d2a shell getprop ro.build.version.sdk'
2020-08-15 14:45:01:952 [ADB] Current device property 'ro.build.version.sdk': 28
2020-08-15 14:45:01:953 [ADB] Running '/Users/liyuan/Library/Android/sdk/platform-tools/adb -P 5037 -s 08e7c5997d2a shell getprop ro.build.version.release'
2020-08-15 14:45:02:013 [ADB] Current device property 'ro.build.version.release': 9
2020-08-15 14:45:02:014 [ADB] Device API level: 28
2020-08-15 14:45:02:014 [UiAutomator2] Relaxing hidden api policy
2020-08-15 14:45:02:015 [ADB] Running '/Users/liyuan/Library/Android/sdk/platform-tools/adb -P 5037 -s 08e7c5997d2a shell settings put global hidden_api_policy_pre_p_apps 1'
2020-08-15 14:45:02:132 [ADB] Running '/Users/liyuan/Library/Android/sdk/platform-tools/adb -P 5037 -s 08e7c5997d2a shell settings put global hidden_api_policy_p_apps 1'
2020-08-15 14:45:02:247 [ADB] Running '/Users/liyuan/Library/Android/sdk/platform-tools/adb -P 5037 -s 08e7c5997d2a shell settings put global hidden_api_policy 1'
2020-08-15 14:45:02:365 [AndroidDriver] No app sent in, not parsing package/activity
2020-08-15 14:45:02:367 [ADB] Running '/Users/liyuan/Library/Android/sdk/platform-tools/adb -P 5037 -s 08e7c5997d2a wait-for-device'
2020-08-15 14:45:02:381 [ADB] Running '/Users/liyuan/Library/Android/sdk/platform-tools/adb -P 5037 -s 08e7c5997d2a shell echo ping'
2020-08-15 14:45:02:422 [AndroidDriver] Pushing settings apk to device...
2020-08-15 14:45:02:425 [ADB] Getting install status for io.appium.settings
2020-08-15 14:45:02:425 [ADB] Running '/Users/liyuan/Library/Android/sdk/platform-tools/adb -P 5037 -s 08e7c5997d2a shell dumpsys package io.appium.settings'
2020-08-15 14:45:02:516 [ADB] 'io.appium.settings' is installed
2020-08-15 14:45:02:517 [ADB] Getting package info for 'io.appium.settings'
2020-08-15 14:45:02:517 [ADB] Running '/Users/liyuan/Library/Android/sdk/platform-tools/adb -P 5037 -s 08e7c5997d2a shell dumpsys package io.appium.settings'
2020-08-15 14:45:02:610 [ADB] Using 'apkanalyzer' from '/Users/liyuan/Library/Android/sdk/tools/bin/apkanalyzer'
2020-08-15 14:45:02:610 [ADB] Starting '/Users/liyuan/Library/Android/sdk/tools/bin/apkanalyzer' with args ["manifest","print","/Applications/Appium.app/Contents/Resources/app/node_modules/appium/node_modules/io.appium.settings/apks/settings_apk-debug.apk"]
2020-08-15 14:45:03:004 [ADB] Cannot extract apk info using apkanalyzer. Falling back to aapt. Original error: Exception in thread "main" java.lang.NoClassDefFoundError: javax/xml/bind/annotation/XmlSchema
2020-08-15 14:45:03:004 [ADB] 	at com.android.repository.api.SchemaModule$SchemaModuleVersion.<init>(SchemaModule.java:156)
2020-08-15 14:45:03:004 [ADB] 	at com.android.repository.api.SchemaModule.<init>(SchemaModule.java:75)
2020-08-15 14:45:03:005 [ADB] 	at com.android.sdklib.repository.AndroidSdkHandler.<clinit>(AndroidSdkHandler.java:81)
2020-08-15 14:45:03:005 [ADB] 	at com.android.tools.apk.analyzer.ApkAnalyzerCli.getAaptInvokerFromSdk(ApkAnalyzerCli.java:277)
2020-08-15 14:45:03:005 [ADB] 	at com.android.tools.apk.analyzer.ApkAnalyzerCli.main(ApkAnalyzerCli.java:129)
2020-08-15 14:45:03:005 [ADB] Caused by: java.lang.ClassNotFoundException: javax.xml.bind.annotation.XmlSchema
2020-08-15 14:45:03:005 [ADB] 	at java.base/jdk.internal.loader.BuiltinClassLoader.loadClass(BuiltinClassLoader.java:581)
2020-08-15 14:45:03:006 [ADB] 	at java.base/jdk.internal.loader.ClassLoaders$AppClassLoader.loadClass(ClassLoaders.java:178)
2020-08-15 14:45:03:006 [ADB] 	at java.base/java.lang.ClassLoader.loadClass(ClassLoader.java:521)
2020-08-15 14:45:03:007 [ADB] 	... 5 more
2020-08-15 14:45:03:007 [ADB] 
2020-08-15 14:45:03:008 [ADB] Using 'aapt' from '/Users/liyuan/Library/Android/sdk/build-tools/29.0.2/aapt'
2020-08-15 14:45:03:020 [ADB] The version code of the installed 'io.appium.settings' is greater than the application version code (26 > 19)
2020-08-15 14:45:03:021 [ADB] There is no need to downgrade 'io.appium.settings'
2020-08-15 14:45:03:022 [ADB] Getting IDs of all 'io.appium.settings' processes
2020-08-15 14:45:03:022 [ADB] Running '/Users/liyuan/Library/Android/sdk/platform-tools/adb -P 5037 -s 08e7c5997d2a shell 'pgrep --help; echo $?''
2020-08-15 14:45:03:092 [ADB] Running '/Users/liyuan/Library/Android/sdk/platform-tools/adb -P 5037 -s 08e7c5997d2a shell pgrep -f io\\.appium\\.settings'
2020-08-15 14:45:03:254 [AndroidDriver] io.appium.settings is already running. There is no need to reset its permissions.
2020-08-15 14:45:03:255 [ADB] Running '/Users/liyuan/Library/Android/sdk/platform-tools/adb -P 5037 -s 08e7c5997d2a shell appops set io.appium.settings android\:mock_location allow'
2020-08-15 14:45:03:373 [Logcat] Starting logcat capture
2020-08-15 14:45:03:452 [AndroidDriver] Enabling Unicode keyboard support
2020-08-15 14:45:03:453 [ADB] Running '/Users/liyuan/Library/Android/sdk/platform-tools/adb -P 5037 -s 08e7c5997d2a shell settings get secure default_input_method'
2020-08-15 14:45:03:567 [AndroidDriver] Unsetting previous IME io.appium.settings/.UnicodeIME
2020-08-15 14:45:03:567 [AndroidDriver] Setting IME to 'io.appium.settings/.UnicodeIME'
2020-08-15 14:45:03:568 [ADB] Running '/Users/liyuan/Library/Android/sdk/platform-tools/adb -P 5037 -s 08e7c5997d2a shell ime enable io.appium.settings/.UnicodeIME'
2020-08-15 14:45:03:665 [ADB] Running '/Users/liyuan/Library/Android/sdk/platform-tools/adb -P 5037 -s 08e7c5997d2a shell ime set io.appium.settings/.UnicodeIME'
2020-08-15 14:45:03:785 [ADB] Getting install status for io.appium.uiautomator2.server
2020-08-15 14:45:03:785 [ADB] Running '/Users/liyuan/Library/Android/sdk/platform-tools/adb -P 5037 -s 08e7c5997d2a shell dumpsys package io.appium.uiautomator2.server'
2020-08-15 14:45:03:882 [ADB] 'io.appium.uiautomator2.server' is installed
2020-08-15 14:45:03:882 [ADB] Getting package info for 'io.appium.uiautomator2.server'
2020-08-15 14:45:03:883 [ADB] Running '/Users/liyuan/Library/Android/sdk/platform-tools/adb -P 5037 -s 08e7c5997d2a shell dumpsys package io.appium.uiautomator2.server'
2020-08-15 14:45:03:985 [ADB] Starting '/Users/liyuan/Library/Android/sdk/tools/bin/apkanalyzer' with args ["manifest","print","/Applications/Appium.app/Contents/Resources/app/node_modules/appium/node_modules/appium-uiautomator2-server/apks/appium-uiautomator2-server-v4.3.0.apk"]
2020-08-15 14:45:04:397 [ADB] Cannot extract apk info using apkanalyzer. Falling back to aapt. Original error: Exception in thread "main" java.lang.NoClassDefFoundError: javax/xml/bind/annotation/XmlSchema
2020-08-15 14:45:04:397 [ADB] 	at com.android.repository.api.SchemaModule$SchemaModuleVersion.<init>(SchemaModule.java:156)
2020-08-15 14:45:04:397 [ADB] 	at com.android.repository.api.SchemaModule.<init>(SchemaModule.java:75)
2020-08-15 14:45:04:398 [ADB] 	at com.android.sdklib.repository.AndroidSdkHandler.<clinit>(AndroidSdkHandler.java:81)
2020-08-15 14:45:04:398 [ADB] 	at com.android.tools.apk.analyzer.ApkAnalyzerCli.getAaptInvokerFromSdk(ApkAnalyzerCli.java:277)
2020-08-15 14:45:04:398 [ADB] 	at com.android.tools.apk.analyzer.ApkAnalyzerCli.main(ApkAnalyzerCli.java:129)
2020-08-15 14:45:04:398 [ADB] Caused by: java.lang.ClassNotFoundException: javax.xml.bind.annotation.XmlSchema
2020-08-15 14:45:04:398 [ADB] 	at java.base/jdk.internal.loader.BuiltinClassLoader.loadClass(BuiltinClassLoader.java:581)
2020-08-15 14:45:04:399 [ADB] 	at java.base/jdk.internal.loader.ClassLoaders$AppClassLoader.loadClass(ClassLoaders.java:178)
2020-08-15 14:45:04:400 [ADB] 	at java.base/java.lang.ClassLoader.loadClass(ClassLoader.java:521)
2020-08-15 14:45:04:400 [ADB] 	... 5 more
2020-08-15 14:45:04:400 [ADB] 
2020-08-15 14:45:04:447 [ADB] The version name of the installed 'io.appium.uiautomator2.server' is greater or equal to the application version name ('4.3.0' >= '4.3.0')
2020-08-15 14:45:04:448 [UiAutomator2] io.appium.uiautomator2.server installation state: sameVersionInstalled
2020-08-15 14:45:04:449 [ADB] Checking app cert for /Applications/Appium.app/Contents/Resources/app/node_modules/appium/node_modules/appium-uiautomator2-server/apks/appium-uiautomator2-server-v4.3.0.apk
2020-08-15 14:45:04:457 [ADB] Using 'apksigner' from '/Users/liyuan/Library/Android/sdk/build-tools/29.0.2/apksigner'
2020-08-15 14:45:04:458 [ADB] Starting '/Users/liyuan/Library/Android/sdk/build-tools/29.0.2/apksigner' with args '["verify","--print-certs","/Applications/Appium.app/Contents/Resources/app/node_modules/appium/node_modules/appium-uiautomator2-server/apks/appium-uiautomator2-server-v4.3.0.apk"]'
2020-08-15 14:45:05:557 [ADB] apksigner stdout: Signer #1 certificate DN: EMAILADDRESS=android@android.com, CN=Android, OU=Android, O=Android, L=Mountain View, ST=California, C=US
2020-08-15 14:45:05:557 [ADB] Signer #1 certificate SHA-256 digest: a40da80a59d170caa950cf15c18c454d47a39b26989d8b640ecd745ba71bf5dc
2020-08-15 14:45:05:557 [ADB] Signer #1 certificate SHA-1 digest: 61ed377e85d386a8dfee6b864bd85b0bfaa5af81
2020-08-15 14:45:05:557 [ADB] Signer #1 certificate MD5 digest: e89b158e4bcf988ebd09eb83f5378e87
2020-08-15 14:45:05:557 [ADB] 
2020-08-15 14:45:05:558 [ADB] '/Applications/Appium.app/Contents/Resources/app/node_modules/appium/node_modules/appium-uiautomator2-server/apks/appium-uiautomator2-server-v4.3.0.apk' is already signed.
2020-08-15 14:45:05:558 [ADB] Getting install status for io.appium.uiautomator2.server.test
2020-08-15 14:45:05:558 [ADB] Running '/Users/liyuan/Library/Android/sdk/platform-tools/adb -P 5037 -s 08e7c5997d2a shell dumpsys package io.appium.uiautomator2.server.test'
2020-08-15 14:45:05:667 [ADB] 'io.appium.uiautomator2.server.test' is installed
2020-08-15 14:45:05:667 [ADB] Checking app cert for /Applications/Appium.app/Contents/Resources/app/node_modules/appium/node_modules/appium-uiautomator2-server/apks/appium-uiautomator2-server-debug-androidTest.apk
2020-08-15 14:45:05:667 [ADB] Starting '/Users/liyuan/Library/Android/sdk/build-tools/29.0.2/apksigner' with args '["verify","--print-certs","/Applications/Appium.app/Contents/Resources/app/node_modules/appium/node_modules/appium-uiautomator2-server/apks/appium-uiautomator2-server-debug-androidTest.apk"]'
2020-08-15 14:45:06:287 [ADB] apksigner stdout: Signer #1 certificate DN: EMAILADDRESS=android@android.com, CN=Android, OU=Android, O=Android, L=Mountain View, ST=California, C=US
2020-08-15 14:45:06:288 [ADB] Signer #1 certificate SHA-256 digest: a40da80a59d170caa950cf15c18c454d47a39b26989d8b640ecd745ba71bf5dc
2020-08-15 14:45:06:288 [ADB] Signer #1 certificate SHA-1 digest: 61ed377e85d386a8dfee6b864bd85b0bfaa5af81
2020-08-15 14:45:06:288 [ADB] Signer #1 certificate MD5 digest: e89b158e4bcf988ebd09eb83f5378e87
2020-08-15 14:45:06:288 [ADB] 
2020-08-15 14:45:06:288 [ADB] '/Applications/Appium.app/Contents/Resources/app/node_modules/appium/node_modules/appium-uiautomator2-server/apks/appium-uiautomator2-server-debug-androidTest.apk' is already signed.
2020-08-15 14:45:06:288 [UiAutomator2] Server packages are not going to be (re)installed
2020-08-15 14:45:06:291 [UiAutomator2] Waiting up to 30000ms for services to be available
2020-08-15 14:45:06:292 [ADB] Running '/Users/liyuan/Library/Android/sdk/platform-tools/adb -P 5037 -s 08e7c5997d2a shell pm list instrumentation'
2020-08-15 14:45:06:414 [UiAutomator2] Instrumentation target 'io.appium.uiautomator2.server.test/androidx.test.runner.AndroidJUnitRunner' is available
2020-08-15 14:45:06:414 [UiAutomator2] Forwarding UiAutomator2 Server port 6790 to 8200
2020-08-15 14:45:06:414 [ADB] Forwarding system: 8200 to device: 6790
2020-08-15 14:45:06:415 [ADB] Running '/Users/liyuan/Library/Android/sdk/platform-tools/adb -P 5037 -s 08e7c5997d2a forward tcp\:8200 tcp\:6790'
2020-08-15 14:45:06:426 [UiAutomator2] No app capability. Assuming it is already on the device
2020-08-15 14:45:06:427 [UiAutomator2] Performing shallow cleanup of automation leftovers
2020-08-15 14:45:06:448 [UiAutomator2] No obsolete sessions have been detected (Error: socket hang up)
2020-08-15 14:45:06:448 [ADB] Running '/Users/liyuan/Library/Android/sdk/platform-tools/adb -P 5037 -s 08e7c5997d2a shell am force-stop io.appium.uiautomator2.server.test'
2020-08-15 14:45:06:569 [UiAutomator2] Starting UIAutomator2 server 4.3.0
2020-08-15 14:45:06:569 [UiAutomator2] Using UIAutomator2 server from '/Applications/Appium.app/Contents/Resources/app/node_modules/appium/node_modules/appium-uiautomator2-server/apks/appium-uiautomator2-server-v4.3.0.apk' and test from '/Applications/Appium.app/Contents/Resources/app/node_modules/appium/node_modules/appium-uiautomator2-server/apks/appium-uiautomator2-server-debug-androidTest.apk'
2020-08-15 14:45:06:570 [UiAutomator2] Waiting up to 30000ms for UiAutomator2 to be online...
2020-08-15 14:45:06:570 [ADB] Creating ADB subprocess with args: ["-P",5037,"-s","08e7c5997d2a","shell","am","instrument","-w","io.appium.uiautomator2.server.test/androidx.test.runner.AndroidJUnitRunner"]
2020-08-15 14:45:07:581 [WD Proxy] Matched '/status' to command name 'getStatus'
2020-08-15 14:45:07:583 [WD Proxy] Proxying [GET /status] to [GET http://localhost:8200/wd/hub/status] with no body
2020-08-15 14:45:07:591 [WD Proxy] Got an unexpected response with status undefined: {"code":"ECONNRESET"}
2020-08-15 14:45:08:593 [WD Proxy] Matched '/status' to command name 'getStatus'
2020-08-15 14:45:08:594 [WD Proxy] Proxying [GET /status] to [GET http://localhost:8200/wd/hub/status] with no body
2020-08-15 14:45:08:600 [WD Proxy] Got an unexpected response with status undefined: {"code":"ECONNRESET"}
2020-08-15 14:45:09:512 [Instrumentation] io.appium.uiautomator2.server.test.AppiumUiAutomator2Server:
2020-08-15 14:45:09:604 [WD Proxy] Matched '/status' to command name 'getStatus'
2020-08-15 14:45:09:604 [WD Proxy] Proxying [GET /status] to [GET http://localhost:8200/wd/hub/status] with no body
2020-08-15 14:45:09:611 [WD Proxy] Got an unexpected response with status undefined: {"code":"ECONNRESET"}
2020-08-15 14:45:10:616 [WD Proxy] Matched '/status' to command name 'getStatus'
2020-08-15 14:45:10:616 [WD Proxy] Proxying [GET /status] to [GET http://localhost:8200/wd/hub/status] with no body
2020-08-15 14:45:10:623 [WD Proxy] Got an unexpected response with status undefined: {"code":"ECONNRESET"}
2020-08-15 14:45:11:628 [WD Proxy] Matched '/status' to command name 'getStatus'
2020-08-15 14:45:11:629 [WD Proxy] Proxying [GET /status] to [GET http://localhost:8200/wd/hub/status] with no body
2020-08-15 14:45:11:827 [WD Proxy] Got response with status 200: {"sessionId":"None","value":{"ready":true,"message":"UiAutomator2 Server is ready to accept commands"}}
2020-08-15 14:45:11:828 [UiAutomator2] The initialization of the instrumentation process took 5258ms
2020-08-15 14:45:11:829 [WD Proxy] Matched '/session' to command name 'createSession'
2020-08-15 14:45:11:829 [WD Proxy] Proxying [POST /session] to [POST http://localhost:8200/wd/hub/session] with body: {"capabilities":{"firstMatch":[{"platform":"LINUX","webStorageEnabled":false,"takesScreenshot":true,"javascriptEnabled":true,"databaseEnabled":false,"networkConnectionEnabled":true,"locationContextEnabled":false,"warnings":{},"desired":{"platformName":"Android","deviceName":"08e7c5997d2a","platformVersion":"9","appPackage":"com.lemon.lemonban","appActivity":"com.lemon.lemonban.activity.WelcomeActivity","noReset":true,"unicodeKeyboard":true,"systemPort":8200},"platformName":"Android","deviceName":"08e7c5997d2a","platformVersion":"9","appPackage":"com.lemon.lemonban","appActivity":"com.lemon.lemonban.activity.WelcomeActivity","noReset":true,"unicodeKeyboard":true,"systemPort":8200,"deviceUDID":"08e7c5997d2a"}],"alwaysMatch":{}}}
2020-08-15 14:45:11:921 [WD Proxy] Got response with status 200: {"sessionId":"a55e8823-5f8b-4671-b074-e043b87bce48","value":{"sessionId":"a55e8823-5f8b-4671-b074-e043b87bce48","capabilities":{"firstMatch":[{"platform":"LINUX","webStorageEnabled":false,"takesScreenshot":true,"javascriptEnabled":true,"databaseEnabled":false,"networkConnectionEnabled":true,"locationContextEnabled":false,"warnings":{},"desired":{"platformName":"Android","deviceName":"08e7c5997d2a","platformVersion":"9","appPackage":"com.lemon.lemonban","appActivity":"com.lemon.lemonban.activity.WelcomeActivity","noReset":true,"unicodeKeyboard":true,"systemPort":8200},"platformName":"Android","deviceName":"08e7c5997d2a","platformVersion":"9","appPackage":"com.lemon.lemonban","appActivity":"com.lemon.lemonban.activity.WelcomeActivity","noReset":true,"unicodeKeyboard":true,"systemPort":8200,"deviceUDID":"08e7c5997d2a"}],"alwaysMatch":{}}}}
2020-08-15 14:45:11:922 [WD Proxy] Determined the downstream protocol as 'W3C'
2020-08-15 14:45:11:945 [WD Proxy] Proxying [GET /appium/device/info] to [GET http://localhost:8200/wd/hub/session/a55e8823-5f8b-4671-b074-e043b87bce48/appium/device/info] with no body
2020-08-15 14:45:12:072 [WD Proxy] Got response with status 200: {"sessionId":"a55e8823-5f8b-4671-b074-e043b87bce48","value":{"androidId":"3fc470f9338036bf","manufacturer":"Xiaomi","model":"Redmi 6A","brand":"xiaomi","apiVersion":"28","platformVersion":"9","carrierName":"","realDisplaySize":"720x1440","displayDensity":320,"networks":[{"type":1,"typeName":"WIFI","subtype":0,"subtypeName":"","isConnected":true,"detailedState":"CONNECTED","state":"CONNECTED","extraInfo":null,"isAvailable":true,"isFailover":false,"isRoaming":false,"capabilities":{"transportTypes":"NET_CAPABILITY_SUPL","networkCapabilities":"","linkUpstreamBandwidthKbps":1048576,"linkDownBandwidthKbps":1048576,"signalStrength":-55,"networkSpecifier":null,"SSID":null}}],"locale":"zh_CN","timeZone":"Asia\/Shanghai"}}
2020-08-15 14:45:12:075 [ADB] Running '/Users/liyuan/Library/Android/sdk/platform-tools/adb -P 5037 -s 08e7c5997d2a shell dumpsys window'
2020-08-15 14:45:12:259 [AndroidDriver] Screen already unlocked, doing nothing
2020-08-15 14:45:12:260 [UiAutomator2] Starting 'com.lemon.lemonban/com.lemon.lemonban.activity.WelcomeActivity and waiting for 'com.lemon.lemonban/com.lemon.lemonban.activity.WelcomeActivity'
2020-08-15 14:45:12:262 [ADB] Running '/Users/liyuan/Library/Android/sdk/platform-tools/adb -P 5037 -s 08e7c5997d2a shell am start -W -n com.lemon.lemonban/com.lemon.lemonban.activity.WelcomeActivity -S -a android.intent.action.MAIN -c android.intent.category.LAUNCHER -f 0x10200000'
2020-08-15 14:45:13:132 [WD Proxy] Proxying [GET /appium/device/pixel_ratio] to [GET http://localhost:8200/wd/hub/session/a55e8823-5f8b-4671-b074-e043b87bce48/appium/device/pixel_ratio] with body: {}
2020-08-15 14:45:13:189 [WD Proxy] Got response with status 200: {"sessionId":"a55e8823-5f8b-4671-b074-e043b87bce48","value":2}
2020-08-15 14:45:13:192 [WD Proxy] Matched '/appium/device/system_bars' to command name 'getSystemBars'
2020-08-15 14:45:13:193 [WD Proxy] Proxying [GET /appium/device/system_bars] to [GET http://localhost:8200/wd/hub/session/a55e8823-5f8b-4671-b074-e043b87bce48/appium/device/system_bars] with body: {}
2020-08-15 14:45:13:230 [WD Proxy] Got response with status 200: {"sessionId":"a55e8823-5f8b-4671-b074-e043b87bce48","value":{"statusBar":48}}
2020-08-15 14:45:13:231 [WD Proxy] Matched '/window/current/size' to command name 'getWindowSize'
2020-08-15 14:45:13:232 [WD Proxy] Proxying [GET /window/current/size] to [GET http://localhost:8200/wd/hub/session/a55e8823-5f8b-4671-b074-e043b87bce48/window/current/size] with body: {}
2020-08-15 14:45:13:275 [WD Proxy] Got response with status 200: {"sessionId":"a55e8823-5f8b-4671-b074-e043b87bce48","value":{"height":1344,"width":720}}
2020-08-15 14:45:13:277 [Appium] New AndroidUiautomator2Driver session created successfully, session 71242034-09a4-4bb1-9add-1bd7664e5cb3 added to master session list
2020-08-15 14:45:13:280 [BaseDriver] Event 'newSessionStarted' logged at 1597473913280 (14:45:13 GMT+0800 (China Standard Time))
2020-08-15 14:45:13:282 [W3C (71242034)] Cached the protocol value 'W3C' for the new session 71242034-09a4-4bb1-9add-1bd7664e5cb3
2020-08-15 14:45:13:284 [W3C (71242034)] Responding to client with driver.createSession() result: {"capabilities":{"platform":"LINUX","webStorageEnabled":false,"takesScreenshot":true,"javascriptEnabled":true,"databaseEnabled":false,"networkConnectionEnabled":true,"locationContextEnabled":false,"warnings":{},"desired":{"platformName":"Android","deviceName":"08e7c5997d2a","platformVersion":"9","appPackage":"com.lemon.lemonban","appActivity":"com.lemon.lemonban.activity.WelcomeActivity","noReset":true,"unicodeKeyboard":true,"systemPort":8200},"platformName":"Android","deviceName":"08e7c5997d2a","platformVersion":"9","appPackage":"com.lemon.lemonban","appActivity":"com.lemon.lemonban.activity.WelcomeActivity","noReset":true,"unicodeKeyboard":true,"systemPort":8200,"deviceUDID":"08e7c5997d2a","deviceApiLevel":28,"deviceScreenSize":"720x1440","deviceScreenDensity":320,"deviceModel":"Redmi 6A","deviceManufacturer":"Xiaomi","pixelRatio":2,"statBarHeight":48,"viewportRect":{"left":0,"top":48,"width":720,"height":1296}}}
2020-08-15 14:45:13:292 [HTTP] <-- POST /wd/hub/session 200 12096 ms - 989
2020-08-15 14:45:13:293 [HTTP] 
2020-08-15 14:45:13:296 [HTTP] --> POST /wd/hub/session/71242034-09a4-4bb1-9add-1bd7664e5cb3/element
2020-08-15 14:45:13:297 [HTTP] {"using":"id","value":"com.lemon.lemonban:id/navigation_tiku"}
2020-08-15 14:45:13:303 [W3C (71242034)] Calling AppiumDriver.findElement() with args: ["id","com.lemon.lemonban:id/navigation_tiku","71242034-09a4-4bb1-9add-1bd7664e5cb3"]
2020-08-15 14:45:13:380 [BaseDriver] Valid locator strategies for this request: xpath, id, class name, accessibility id, -android uiautomator
2020-08-15 14:45:13:381 [BaseDriver] Waiting up to 0 ms for condition
2020-08-15 14:45:13:382 [WD Proxy] Matched '/element' to command name 'findElement'
2020-08-15 14:45:13:382 [WD Proxy] Proxying [POST /element] to [POST http://localhost:8200/wd/hub/session/a55e8823-5f8b-4671-b074-e043b87bce48/element] with body: {"strategy":"id","selector":"com.lemon.lemonban:id/navigation_tiku","context":"","multiple":false}
2020-08-15 14:45:13:596 [WD Proxy] Got an unexpected response with status 404: {"sessionId":"a55e8823-5f8b-4671-b074-e043b87bce48","value":{"error":"no such element","message":"An element could not be located on the page using the given search parameters","stacktrace":"io.appium.uiautomator2.common.exceptions.ElementNotFoundException: An element could not be located on the page using the given search parameters\n\tat io.appium.uiautomator2.handler.FindElement.safeHandle(FindElement.java:78)\n\tat io.appium.uiautomator2.handler.request.SafeRequestHandler.handle(SafeRequestHandler.java:38)\n\tat io.appium.uiautomator2.server.AppiumServlet.handleRequest(AppiumServlet.java:252)\n\tat io.appium.uiautomator2.server.AppiumServlet.handleHttpRequest(AppiumServlet.java:242)\n\tat io.appium.uiautomator2.http.ServerHandler.channelRead(ServerHandler.java:44)\n\tat io.netty.channel.AbstractChannelHandlerContext.invokeChannelRead(AbstractChannelHandlerContext.java:366)\n\tat io.netty.channel.AbstractChannelHandlerContext.invokeChannelRead(AbstractChannelHandlerContext.java:352)\n\tat io.netty.chann...
2020-08-15 14:45:13:597 [W3C] Matched W3C error code 'no such element' to NoSuchElementError
2020-08-15 14:45:13:601 [W3C (71242034)] Encountered internal error running command: NoSuchElementError: An element could not be located on the page using the given search parameters.
2020-08-15 14:45:13:601 [W3C (71242034)]     at AndroidUiautomator2Driver.findElOrEls (/Applications/Appium.app/Contents/Resources/app/node_modules/appium/node_modules/appium-android-driver/lib/commands/find.js:75:11)
2020-08-15 14:45:13:604 [HTTP] <-- POST /wd/hub/session/71242034-09a4-4bb1-9add-1bd7664e5cb3/element 404 306 ms - 420
2020-08-15 14:45:13:606 [HTTP] 
2020-08-15 14:45:14:110 [HTTP] --> POST /wd/hub/session/71242034-09a4-4bb1-9add-1bd7664e5cb3/element
2020-08-15 14:45:14:111 [HTTP] {"using":"id","value":"com.lemon.lemonban:id/navigation_tiku"}
2020-08-15 14:45:14:111 [W3C (71242034)] Calling AppiumDriver.findElement() with args: ["id","com.lemon.lemonban:id/navigation_tiku","71242034-09a4-4bb1-9add-1bd7664e5cb3"]
2020-08-15 14:45:14:112 [BaseDriver] Valid locator strategies for this request: xpath, id, class name, accessibility id, -android uiautomator
2020-08-15 14:45:14:113 [BaseDriver] Waiting up to 0 ms for condition
2020-08-15 14:45:14:114 [WD Proxy] Matched '/element' to command name 'findElement'
2020-08-15 14:45:14:114 [WD Proxy] Proxying [POST /element] to [POST http://localhost:8200/wd/hub/session/a55e8823-5f8b-4671-b074-e043b87bce48/element] with body: {"strategy":"id","selector":"com.lemon.lemonban:id/navigation_tiku","context":"","multiple":false}
2020-08-15 14:45:14:275 [WD Proxy] Got an unexpected response with status 404: {"sessionId":"a55e8823-5f8b-4671-b074-e043b87bce48","value":{"error":"no such element","message":"An element could not be located on the page using the given search parameters","stacktrace":"io.appium.uiautomator2.common.exceptions.ElementNotFoundException: An element could not be located on the page using the given search parameters\n\tat io.appium.uiautomator2.handler.FindElement.safeHandle(FindElement.java:78)\n\tat io.appium.uiautomator2.handler.request.SafeRequestHandler.handle(SafeRequestHandler.java:38)\n\tat io.appium.uiautomator2.server.AppiumServlet.handleRequest(AppiumServlet.java:252)\n\tat io.appium.uiautomator2.server.AppiumServlet.handleHttpRequest(AppiumServlet.java:242)\n\tat io.appium.uiautomator2.http.ServerHandler.channelRead(ServerHandler.java:44)\n\tat io.netty.channel.AbstractChannelHandlerContext.invokeChannelRead(AbstractChannelHandlerContext.java:366)\n\tat io.netty.channel.AbstractChannelHandlerContext.invokeChannelRead(AbstractChannelHandlerContext.java:352)\n\tat io.netty.chann...
2020-08-15 14:45:14:275 [W3C] Matched W3C error code 'no such element' to NoSuchElementError
2020-08-15 14:45:14:277 [W3C (71242034)] Encountered internal error running command: NoSuchElementError: An element could not be located on the page using the given search parameters.
2020-08-15 14:45:14:277 [W3C (71242034)]     at AndroidUiautomator2Driver.findElOrEls (/Applications/Appium.app/Contents/Resources/app/node_modules/appium/node_modules/appium-android-driver/lib/commands/find.js:75:11)
2020-08-15 14:45:14:278 [HTTP] <-- POST /wd/hub/session/71242034-09a4-4bb1-9add-1bd7664e5cb3/element 404 167 ms - 420
2020-08-15 14:45:14:278 [HTTP] 
2020-08-15 14:45:14:787 [HTTP] --> POST /wd/hub/session/71242034-09a4-4bb1-9add-1bd7664e5cb3/element
2020-08-15 14:45:14:788 [HTTP] {"using":"id","value":"com.lemon.lemonban:id/navigation_tiku"}
2020-08-15 14:45:14:788 [W3C (71242034)] Calling AppiumDriver.findElement() with args: ["id","com.lemon.lemonban:id/navigation_tiku","71242034-09a4-4bb1-9add-1bd7664e5cb3"]
2020-08-15 14:45:14:789 [BaseDriver] Valid locator strategies for this request: xpath, id, class name, accessibility id, -android uiautomator
2020-08-15 14:45:14:789 [BaseDriver] Waiting up to 0 ms for condition
2020-08-15 14:45:14:790 [WD Proxy] Matched '/element' to command name 'findElement'
2020-08-15 14:45:14:791 [WD Proxy] Proxying [POST /element] to [POST http://localhost:8200/wd/hub/session/a55e8823-5f8b-4671-b074-e043b87bce48/element] with body: {"strategy":"id","selector":"com.lemon.lemonban:id/navigation_tiku","context":"","multiple":false}
2020-08-15 14:45:15:049 [WD Proxy] Got an unexpected response with status 404: {"sessionId":"a55e8823-5f8b-4671-b074-e043b87bce48","value":{"error":"no such element","message":"An element could not be located on the page using the given search parameters","stacktrace":"io.appium.uiautomator2.common.exceptions.ElementNotFoundException: An element could not be located on the page using the given search parameters\n\tat io.appium.uiautomator2.handler.FindElement.safeHandle(FindElement.java:78)\n\tat io.appium.uiautomator2.handler.request.SafeRequestHandler.handle(SafeRequestHandler.java:38)\n\tat io.appium.uiautomator2.server.AppiumServlet.handleRequest(AppiumServlet.java:252)\n\tat io.appium.uiautomator2.server.AppiumServlet.handleHttpRequest(AppiumServlet.java:242)\n\tat io.appium.uiautomator2.http.ServerHandler.channelRead(ServerHandler.java:44)\n\tat io.netty.channel.AbstractChannelHandlerContext.invokeChannelRead(AbstractChannelHandlerContext.java:366)\n\tat io.netty.channel.AbstractChannelHandlerContext.invokeChannelRead(AbstractChannelHandlerContext.java:352)\n\tat io.netty.chann...
2020-08-15 14:45:15:049 [W3C] Matched W3C error code 'no such element' to NoSuchElementError
2020-08-15 14:45:15:051 [W3C (71242034)] Encountered internal error running command: NoSuchElementError: An element could not be located on the page using the given search parameters.
2020-08-15 14:45:15:052 [W3C (71242034)]     at AndroidUiautomator2Driver.findElOrEls (/Applications/Appium.app/Contents/Resources/app/node_modules/appium/node_modules/appium-android-driver/lib/commands/find.js:75:11)
2020-08-15 14:45:15:053 [HTTP] <-- POST /wd/hub/session/71242034-09a4-4bb1-9add-1bd7664e5cb3/element 404 266 ms - 420
2020-08-15 14:45:15:054 [HTTP] 
2020-08-15 14:45:15:558 [HTTP] --> POST /wd/hub/session/71242034-09a4-4bb1-9add-1bd7664e5cb3/element
2020-08-15 14:45:15:559 [HTTP] {"using":"id","value":"com.lemon.lemonban:id/navigation_tiku"}
2020-08-15 14:45:15:559 [W3C (71242034)] Calling AppiumDriver.findElement() with args: ["id","com.lemon.lemonban:id/navigation_tiku","71242034-09a4-4bb1-9add-1bd7664e5cb3"]
2020-08-15 14:45:15:563 [BaseDriver] Valid locator strategies for this request: xpath, id, class name, accessibility id, -android uiautomator
2020-08-15 14:45:15:564 [BaseDriver] Waiting up to 0 ms for condition
2020-08-15 14:45:15:564 [WD Proxy] Matched '/element' to command name 'findElement'
2020-08-15 14:45:15:565 [WD Proxy] Proxying [POST /element] to [POST http://localhost:8200/wd/hub/session/a55e8823-5f8b-4671-b074-e043b87bce48/element] with body: {"strategy":"id","selector":"com.lemon.lemonban:id/navigation_tiku","context":"","multiple":false}
2020-08-15 14:45:16:258 [WD Proxy] Got response with status 200: {"sessionId":"a55e8823-5f8b-4671-b074-e043b87bce48","value":{"ELEMENT":"0c830ee5-6917-47e5-919f-34f8504647bc","element-6066-11e4-a52e-4f735466cecf":"0c830ee5-6917-47e5-919f-34f8504647bc"}}
2020-08-15 14:45:16:260 [W3C (71242034)] Responding to client with driver.findElement() result: {"element-6066-11e4-a52e-4f735466cecf":"0c830ee5-6917-47e5-919f-34f8504647bc","ELEMENT":"0c830ee5-6917-47e5-919f-34f8504647bc"}
2020-08-15 14:45:16:261 [HTTP] <-- POST /wd/hub/session/71242034-09a4-4bb1-9add-1bd7664e5cb3/element 200 702 ms - 137
2020-08-15 14:45:16:261 [HTTP] 
2020-08-15 14:45:16:267 [HTTP] --> GET /wd/hub/session/71242034-09a4-4bb1-9add-1bd7664e5cb3/element/0c830ee5-6917-47e5-919f-34f8504647bc/displayed
2020-08-15 14:45:16:268 [HTTP] {}
2020-08-15 14:45:16:272 [W3C (71242034)] Calling AppiumDriver.elementDisplayed() with args: ["0c830ee5-6917-47e5-919f-34f8504647bc","71242034-09a4-4bb1-9add-1bd7664e5cb3"]
2020-08-15 14:45:16:276 [WD Proxy] Matched '/element/0c830ee5-6917-47e5-919f-34f8504647bc/attribute/displayed' to command name 'getAttribute'
2020-08-15 14:45:16:276 [WD Proxy] Proxying [GET /element/0c830ee5-6917-47e5-919f-34f8504647bc/attribute/displayed] to [GET http://localhost:8200/wd/hub/session/a55e8823-5f8b-4671-b074-e043b87bce48/element/0c830ee5-6917-47e5-919f-34f8504647bc/attribute/displayed] with body: {}
2020-08-15 14:45:16:314 [WD Proxy] Got response with status 200: {"sessionId":"a55e8823-5f8b-4671-b074-e043b87bce48","value":"true"}
2020-08-15 14:45:16:316 [W3C (71242034)] Responding to client with driver.elementDisplayed() result: true
2020-08-15 14:45:16:318 [HTTP] <-- GET /wd/hub/session/71242034-09a4-4bb1-9add-1bd7664e5cb3/element/0c830ee5-6917-47e5-919f-34f8504647bc/displayed 200 50 ms - 14
2020-08-15 14:45:16:319 [HTTP] 
2020-08-15 14:45:16:321 [HTTP] --> POST /wd/hub/session/71242034-09a4-4bb1-9add-1bd7664e5cb3/element
2020-08-15 14:45:16:322 [HTTP] {"using":"id","value":"com.lemon.lemonban:id/navigation_tiku"}
2020-08-15 14:45:16:322 [W3C (71242034)] Calling AppiumDriver.findElement() with args: ["id","com.lemon.lemonban:id/navigation_tiku","71242034-09a4-4bb1-9add-1bd7664e5cb3"]
2020-08-15 14:45:16:324 [BaseDriver] Valid locator strategies for this request: xpath, id, class name, accessibility id, -android uiautomator
2020-08-15 14:45:16:324 [BaseDriver] Waiting up to 0 ms for condition
2020-08-15 14:45:16:325 [WD Proxy] Matched '/element' to command name 'findElement'
2020-08-15 14:45:16:325 [WD Proxy] Proxying [POST /element] to [POST http://localhost:8200/wd/hub/session/a55e8823-5f8b-4671-b074-e043b87bce48/element] with body: {"strategy":"id","selector":"com.lemon.lemonban:id/navigation_tiku","context":"","multiple":false}
2020-08-15 14:45:16:475 [WD Proxy] Got response with status 200: {"sessionId":"a55e8823-5f8b-4671-b074-e043b87bce48","value":{"ELEMENT":"635c288d-a66f-4317-b90c-70327740b1c4","element-6066-11e4-a52e-4f735466cecf":"635c288d-a66f-4317-b90c-70327740b1c4"}}
2020-08-15 14:45:16:476 [W3C (71242034)] Responding to client with driver.findElement() result: {"element-6066-11e4-a52e-4f735466cecf":"635c288d-a66f-4317-b90c-70327740b1c4","ELEMENT":"635c288d-a66f-4317-b90c-70327740b1c4"}
2020-08-15 14:45:16:478 [HTTP] <-- POST /wd/hub/session/71242034-09a4-4bb1-9add-1bd7664e5cb3/element 200 155 ms - 137
2020-08-15 14:45:16:478 [HTTP] 
2020-08-15 14:45:16:483 [HTTP] --> POST /wd/hub/session/71242034-09a4-4bb1-9add-1bd7664e5cb3/element/635c288d-a66f-4317-b90c-70327740b1c4/click
2020-08-15 14:45:16:484 [HTTP] {"id":"635c288d-a66f-4317-b90c-70327740b1c4"}
2020-08-15 14:45:16:486 [W3C (71242034)] Calling AppiumDriver.click() with args: ["635c288d-a66f-4317-b90c-70327740b1c4","71242034-09a4-4bb1-9add-1bd7664e5cb3"]
2020-08-15 14:45:16:488 [WD Proxy] Matched '/element/635c288d-a66f-4317-b90c-70327740b1c4/click' to command name 'click'
2020-08-15 14:45:16:489 [WD Proxy] Proxying [POST /element/635c288d-a66f-4317-b90c-70327740b1c4/click] to [POST http://localhost:8200/wd/hub/session/a55e8823-5f8b-4671-b074-e043b87bce48/element/635c288d-a66f-4317-b90c-70327740b1c4/click] with body: {"element":"635c288d-a66f-4317-b90c-70327740b1c4"}
2020-08-15 14:45:16:542 [WD Proxy] Got response with status 200: {"sessionId":"a55e8823-5f8b-4671-b074-e043b87bce48","value":null}
2020-08-15 14:45:16:542 [W3C (71242034)] Responding to client with driver.click() result: null
2020-08-15 14:45:16:544 [HTTP] <-- POST /wd/hub/session/71242034-09a4-4bb1-9add-1bd7664e5cb3/element/635c288d-a66f-4317-b90c-70327740b1c4/click 200 60 ms - 14
2020-08-15 14:45:16:544 [HTTP] 
2020-08-15 14:45:16:546 [HTTP] --> POST /wd/hub/session/71242034-09a4-4bb1-9add-1bd7664e5cb3/element
2020-08-15 14:45:16:547 [HTTP] {"using":"-android uiautomator","value":"new UiSelector().text(\"Python自动化\")"}
2020-08-15 14:45:16:547 [W3C (71242034)] Calling AppiumDriver.findElement() with args: ["-android uiautomator","new UiSelector().text(\"Python自动化\")","71242034-09a4-4bb1-9add-1bd7664e5cb3"]
2020-08-15 14:45:16:549 [BaseDriver] Valid locator strategies for this request: xpath, id, class name, accessibility id, -android uiautomator
2020-08-15 14:45:16:549 [BaseDriver] Waiting up to 0 ms for condition
2020-08-15 14:45:16:550 [WD Proxy] Matched '/element' to command name 'findElement'
2020-08-15 14:45:16:550 [WD Proxy] Proxying [POST /element] to [POST http://localhost:8200/wd/hub/session/a55e8823-5f8b-4671-b074-e043b87bce48/element] with body: {"strategy":"-android uiautomator","selector":"new UiSelector().text(\"Python自动化\")","context":"","multiple":false}
2020-08-15 14:45:17:667 [WD Proxy] Got response with status 200: {"sessionId":"a55e8823-5f8b-4671-b074-e043b87bce48","value":{"ELEMENT":"aa7a1f17-4f2e-490c-9f9f-6d59c3f1af0d","element-6066-11e4-a52e-4f735466cecf":"aa7a1f17-4f2e-490c-9f9f-6d59c3f1af0d"}}
2020-08-15 14:45:17:669 [W3C (71242034)] Responding to client with driver.findElement() result: {"element-6066-11e4-a52e-4f735466cecf":"aa7a1f17-4f2e-490c-9f9f-6d59c3f1af0d","ELEMENT":"aa7a1f17-4f2e-490c-9f9f-6d59c3f1af0d"}
2020-08-15 14:45:17:671 [HTTP] <-- POST /wd/hub/session/71242034-09a4-4bb1-9add-1bd7664e5cb3/element 200 1124 ms - 137
2020-08-15 14:45:17:672 [HTTP] 
2020-08-15 14:45:17:678 [HTTP] --> GET /wd/hub/session/71242034-09a4-4bb1-9add-1bd7664e5cb3/element/aa7a1f17-4f2e-490c-9f9f-6d59c3f1af0d/displayed
2020-08-15 14:45:17:679 [HTTP] {}
2020-08-15 14:45:17:681 [W3C (71242034)] Calling AppiumDriver.elementDisplayed() with args: ["aa7a1f17-4f2e-490c-9f9f-6d59c3f1af0d","71242034-09a4-4bb1-9add-1bd7664e5cb3"]
2020-08-15 14:45:17:685 [WD Proxy] Matched '/element/aa7a1f17-4f2e-490c-9f9f-6d59c3f1af0d/attribute/displayed' to command name 'getAttribute'
2020-08-15 14:45:17:686 [WD Proxy] Proxying [GET /element/aa7a1f17-4f2e-490c-9f9f-6d59c3f1af0d/attribute/displayed] to [GET http://localhost:8200/wd/hub/session/a55e8823-5f8b-4671-b074-e043b87bce48/element/aa7a1f17-4f2e-490c-9f9f-6d59c3f1af0d/attribute/displayed] with body: {}
2020-08-15 14:45:17:784 [WD Proxy] Got response with status 200: {"sessionId":"a55e8823-5f8b-4671-b074-e043b87bce48","value":"true"}
2020-08-15 14:45:17:785 [W3C (71242034)] Responding to client with driver.elementDisplayed() result: true
2020-08-15 14:45:17:787 [HTTP] <-- GET /wd/hub/session/71242034-09a4-4bb1-9add-1bd7664e5cb3/element/aa7a1f17-4f2e-490c-9f9f-6d59c3f1af0d/displayed 200 107 ms - 14
2020-08-15 14:45:17:788 [HTTP] 
2020-08-15 14:45:17:792 [HTTP] --> POST /wd/hub/session/71242034-09a4-4bb1-9add-1bd7664e5cb3/element
2020-08-15 14:45:17:793 [HTTP] {"using":"-android uiautomator","value":"new UiSelector().text(\"Python自动化\")"}
2020-08-15 14:45:17:795 [W3C (71242034)] Calling AppiumDriver.findElement() with args: ["-android uiautomator","new UiSelector().text(\"Python自动化\")","71242034-09a4-4bb1-9add-1bd7664e5cb3"]
2020-08-15 14:45:17:796 [BaseDriver] Valid locator strategies for this request: xpath, id, class name, accessibility id, -android uiautomator
2020-08-15 14:45:17:798 [BaseDriver] Waiting up to 0 ms for condition
2020-08-15 14:45:17:799 [WD Proxy] Matched '/element' to command name 'findElement'
2020-08-15 14:45:17:800 [WD Proxy] Proxying [POST /element] to [POST http://localhost:8200/wd/hub/session/a55e8823-5f8b-4671-b074-e043b87bce48/element] with body: {"strategy":"-android uiautomator","selector":"new UiSelector().text(\"Python自动化\")","context":"","multiple":false}
2020-08-15 14:45:17:876 [WD Proxy] Got response with status 200: {"sessionId":"a55e8823-5f8b-4671-b074-e043b87bce48","value":{"ELEMENT":"bf919990-4520-4854-b496-607460d74908","element-6066-11e4-a52e-4f735466cecf":"bf919990-4520-4854-b496-607460d74908"}}
2020-08-15 14:45:17:878 [W3C (71242034)] Responding to client with driver.findElement() result: {"element-6066-11e4-a52e-4f735466cecf":"bf919990-4520-4854-b496-607460d74908","ELEMENT":"bf919990-4520-4854-b496-607460d74908"}
2020-08-15 14:45:17:879 [HTTP] <-- POST /wd/hub/session/71242034-09a4-4bb1-9add-1bd7664e5cb3/element 200 86 ms - 137
2020-08-15 14:45:17:880 [HTTP] 
2020-08-15 14:45:17:884 [HTTP] --> POST /wd/hub/session/71242034-09a4-4bb1-9add-1bd7664e5cb3/element/bf919990-4520-4854-b496-607460d74908/click
2020-08-15 14:45:17:885 [HTTP] {"id":"bf919990-4520-4854-b496-607460d74908"}
2020-08-15 14:45:17:886 [W3C (71242034)] Calling AppiumDriver.click() with args: ["bf919990-4520-4854-b496-607460d74908","71242034-09a4-4bb1-9add-1bd7664e5cb3"]
2020-08-15 14:45:17:892 [WD Proxy] Matched '/element/bf919990-4520-4854-b496-607460d74908/click' to command name 'click'
2020-08-15 14:45:17:893 [WD Proxy] Proxying [POST /element/bf919990-4520-4854-b496-607460d74908/click] to [POST http://localhost:8200/wd/hub/session/a55e8823-5f8b-4671-b074-e043b87bce48/element/bf919990-4520-4854-b496-607460d74908/click] with body: {"element":"bf919990-4520-4854-b496-607460d74908"}
2020-08-15 14:45:18:820 [WD Proxy] Got response with status 200: {"sessionId":"a55e8823-5f8b-4671-b074-e043b87bce48","value":null}
2020-08-15 14:45:18:822 [W3C (71242034)] Responding to client with driver.click() result: null
2020-08-15 14:45:18:824 [HTTP] <-- POST /wd/hub/session/71242034-09a4-4bb1-9add-1bd7664e5cb3/element/bf919990-4520-4854-b496-607460d74908/click 200 939 ms - 14
2020-08-15 14:45:18:824 [HTTP] 
2020-08-15 14:45:18:830 [HTTP] --> POST /wd/hub/session/71242034-09a4-4bb1-9add-1bd7664e5cb3/appium/app/close
2020-08-15 14:45:18:831 [HTTP] {}
2020-08-15 14:45:18:839 [W3C (71242034)] Calling AppiumDriver.closeApp() with args: ["71242034-09a4-4bb1-9add-1bd7664e5cb3"]
2020-08-15 14:45:18:841 [ADB] Running '/Users/liyuan/Library/Android/sdk/platform-tools/adb -P 5037 -s 08e7c5997d2a shell am force-stop com.lemon.lemonban'
2020-08-15 14:45:19:052 [W3C (71242034)] Responding to client with driver.closeApp() result: null
2020-08-15 14:45:19:053 [HTTP] <-- POST /wd/hub/session/71242034-09a4-4bb1-9add-1bd7664e5cb3/appium/app/close 200 223 ms - 14
2020-08-15 14:45:19:054 [HTTP] 
2020-08-15 14:45:19:056 [HTTP] --> DELETE /wd/hub/session/71242034-09a4-4bb1-9add-1bd7664e5cb3
2020-08-15 14:45:19:056 [HTTP] {}
2020-08-15 14:45:19:057 [W3C (71242034)] Calling AppiumDriver.deleteSession() with args: ["71242034-09a4-4bb1-9add-1bd7664e5cb3"]
2020-08-15 14:45:19:058 [BaseDriver] Event 'quitSessionRequested' logged at 1597473919057 (14:45:19 GMT+0800 (China Standard Time))
2020-08-15 14:45:19:059 [Appium] Removing session 71242034-09a4-4bb1-9add-1bd7664e5cb3 from our master session list
2020-08-15 14:45:19:060 [UiAutomator2] Deleting UiAutomator2 session
2020-08-15 14:45:19:061 [UiAutomator2] Deleting UiAutomator2 server session
2020-08-15 14:45:19:061 [WD Proxy] Matched '/' to command name 'deleteSession'
2020-08-15 14:45:19:062 [WD Proxy] Proxying [DELETE /] to [DELETE http://localhost:8200/wd/hub/session/a55e8823-5f8b-4671-b074-e043b87bce48] with no body
2020-08-15 14:45:19:116 [WD Proxy] Got response with status 200: {"sessionId":"a55e8823-5f8b-4671-b074-e043b87bce48","value":null}
2020-08-15 14:45:19:117 [ADB] Running '/Users/liyuan/Library/Android/sdk/platform-tools/adb -P 5037 -s 08e7c5997d2a shell am force-stop com.lemon.lemonban'
2020-08-15 14:45:19:295 [Logcat] Stopping logcat capture
2020-08-15 14:45:19:298 [ADB] Removing forwarded port socket connection: 8200 
2020-08-15 14:45:19:299 [ADB] Running '/Users/liyuan/Library/Android/sdk/platform-tools/adb -P 5037 -s 08e7c5997d2a forward --remove tcp\:8200'
2020-08-15 14:45:19:310 [UiAutomator2] Restoring hidden api policy to the device default configuration
2020-08-15 14:45:19:310 [ADB] Running '/Users/liyuan/Library/Android/sdk/platform-tools/adb -P 5037 -s 08e7c5997d2a shell settings delete global hidden_api_policy_pre_p_apps'
2020-08-15 14:45:19:402 [ADB] Running '/Users/liyuan/Library/Android/sdk/platform-tools/adb -P 5037 -s 08e7c5997d2a shell settings delete global hidden_api_policy_p_apps'
2020-08-15 14:45:19:482 [ADB] Running '/Users/liyuan/Library/Android/sdk/platform-tools/adb -P 5037 -s 08e7c5997d2a shell settings delete global hidden_api_policy'
2020-08-15 14:45:19:589 [BaseDriver] Event 'quitSessionFinished' logged at 1597473919589 (14:45:19 GMT+0800 (China Standard Time))
2020-08-15 14:45:19:590 [W3C (71242034)] Received response: null
2020-08-15 14:45:19:590 [W3C (71242034)] But deleting session, so not returning
2020-08-15 14:45:19:590 [W3C (71242034)] Responding to client with driver.deleteSession() result: null
2020-08-15 14:45:19:592 [HTTP] <-- DELETE /wd/hub/session/71242034-09a4-4bb1-9add-1bd7664e5cb3 200 536 ms - 14
2020-08-15 14:45:19:592 [HTTP] 
2020-08-15 14:45:19:593 [Instrumentation] .
2020-08-15 14:45:20:231 [Instrumentation] Time: 10.096
2020-08-15 14:45:20:231 [Instrumentation] 
2020-08-15 14:45:20:232 [Instrumentation] OK (1 test)
2020-08-15 14:45:20:238 uncaughtException: write EPIPE
Error: write EPIPE
    at WriteWrap.afterWrite (net.js:788:14)
