2020-07-01 21:44:06,735 py30 INFO test_register.py-28 line：======  注册模块用例 开始执行  ========
2020-07-01 21:44:06,752 py30 INFO test_register.py-32 line：======  注册模块用例 执行结束  ========
2020-07-01 21:45:24,331 py30 INFO test_register.py-28 line：======  注册模块用例 开始执行  ========
2020-07-01 21:45:24,332 py30 INFO test_register.py-37 line：执行用例1：注册成功-带注册名
2020-07-01 21:45:24,332 py30 INFO handle_requests.py-43 line：发起一次HTTP请求
2020-07-01 21:45:24,332 py30 INFO handle_requests.py-46 line：请求头为：{'X-Lemonban-Media-Type': 'lemonban.v2', 'Content-Type': 'application/json'}
2020-07-01 21:45:24,332 py30 INFO handle_requests.py-47 line：请求方法为：post
2020-07-01 21:45:24,336 py30 INFO handle_requests.py-48 line：请求url为：http://api.lemonban.com/futureloan/member/register
2020-07-01 21:45:24,336 py30 INFO handle_requests.py-49 line：请求数据为：{'mobile_phone': '18600001112', 'pwd': '123456789', 'type': 1, 'reg_name': '美丽可爱的小简'}
2020-07-01 21:45:24,677 py30 INFO handle_requests.py-56 line：响应状态码为：200
2020-07-01 21:45:24,678 py30 INFO handle_requests.py-57 line：响应数据为：{'code': 2, 'msg': '账号已存在', 'data': None, 'copyright': 'Copyright 柠檬班 © 2017-2020 湖南省零檬信息技术有限公司 All Rights Reserved'}
2020-07-01 21:45:24,678 py30 ERROR test_register.py-46 line：断言失败！
Traceback (most recent call last):
  File "D:\Pychram-Workspace\py30-接口自动化\day4\TestCases\test_register.py", line 43, in test_register_ok
    self.assertEqual(response.json()["code"],expected["code"])
  File "D:\python37\lib\unittest\case.py", line 839, in assertEqual
    assertion_func(first, second, msg=msg)
  File "D:\python37\lib\unittest\case.py", line 832, in _baseAssertEqual
    raise self.failureException(msg)
AssertionError: 2 != 0
2020-07-01 21:45:24,685 py30 INFO test_register.py-37 line：执行用例2：成功-不带用户名
2020-07-01 21:45:24,685 py30 INFO handle_requests.py-43 line：发起一次HTTP请求
2020-07-01 21:45:24,686 py30 INFO handle_requests.py-46 line：请求头为：{'X-Lemonban-Media-Type': 'lemonban.v2', 'Content-Type': 'application/json'}
2020-07-01 21:45:24,686 py30 INFO handle_requests.py-47 line：请求方法为：post
2020-07-01 21:45:24,686 py30 INFO handle_requests.py-48 line：请求url为：http://api.lemonban.com/futureloan/member/register
2020-07-01 21:45:24,686 py30 INFO handle_requests.py-49 line：请求数据为：{'mobile_phone': '18600001113', 'pwd': '123456789', 'type': 1}
2020-07-01 21:45:24,791 py30 INFO handle_requests.py-56 line：响应状态码为：200
2020-07-01 21:45:24,791 py30 INFO handle_requests.py-57 line：响应数据为：{'code': 2, 'msg': '账号已存在', 'data': None, 'copyright': 'Copyright 柠檬班 © 2017-2020 湖南省零檬信息技术有限公司 All Rights Reserved'}
2020-07-01 21:45:24,792 py30 ERROR test_register.py-46 line：断言失败！
Traceback (most recent call last):
  File "D:\Pychram-Workspace\py30-接口自动化\day4\TestCases\test_register.py", line 43, in test_register_ok
    self.assertEqual(response.json()["code"],expected["code"])
  File "D:\python37\lib\unittest\case.py", line 839, in assertEqual
    assertion_func(first, second, msg=msg)
  File "D:\python37\lib\unittest\case.py", line 832, in _baseAssertEqual
    raise self.failureException(msg)
AssertionError: 2 != 1
2020-07-01 21:45:24,792 py30 INFO test_register.py-37 line：执行用例3：不输入手机号
2020-07-01 21:45:24,792 py30 INFO handle_requests.py-43 line：发起一次HTTP请求
2020-07-01 21:45:24,793 py30 INFO handle_requests.py-46 line：请求头为：{'X-Lemonban-Media-Type': 'lemonban.v2', 'Content-Type': 'application/json'}
2020-07-01 21:45:24,793 py30 INFO handle_requests.py-47 line：请求方法为：post
2020-07-01 21:45:24,793 py30 INFO handle_requests.py-48 line：请求url为：http://api.lemonban.com/futureloan/member/register
2020-07-01 21:45:24,793 py30 INFO handle_requests.py-49 line：请求数据为：{'pwd': '12345678', 'type': 1}
2020-07-01 21:45:24,846 py30 INFO handle_requests.py-56 line：响应状态码为：200
2020-07-01 21:45:24,847 py30 INFO handle_requests.py-57 line：响应数据为：{'code': 1, 'msg': '手机号为空', 'data': None, 'copyright': 'Copyright 柠檬班 © 2017-2020 湖南省零檬信息技术有限公司 All Rights Reserved'}
2020-07-01 21:45:24,847 py30 INFO test_register.py-37 line：执行用例4：手机号长度10位
2020-07-01 21:45:24,847 py30 INFO handle_requests.py-43 line：发起一次HTTP请求
2020-07-01 21:45:24,848 py30 INFO handle_requests.py-46 line：请求头为：{'X-Lemonban-Media-Type': 'lemonban.v2', 'Content-Type': 'application/json'}
2020-07-01 21:45:24,848 py30 INFO handle_requests.py-47 line：请求方法为：post
2020-07-01 21:45:24,848 py30 INFO handle_requests.py-48 line：请求url为：http://api.lemonban.com/futureloan/member/register
2020-07-01 21:45:24,848 py30 INFO handle_requests.py-49 line：请求数据为：{'mobile_phone': '1550000000', 'pwd': '12345678', 'type': 1}
2020-07-01 21:45:24,898 py30 INFO handle_requests.py-56 line：响应状态码为：200
2020-07-01 21:45:24,899 py30 INFO handle_requests.py-57 line：响应数据为：{'code': 2, 'msg': '无效的手机格式', 'data': None, 'copyright': 'Copyright 柠檬班 © 2017-2020 湖南省零檬信息技术有限公司 All Rights Reserved'}
2020-07-01 21:45:24,900 py30 INFO test_register.py-37 line：执行用例5：手机号长度12位
2020-07-01 21:45:24,901 py30 INFO handle_requests.py-43 line：发起一次HTTP请求
2020-07-01 21:45:24,901 py30 INFO handle_requests.py-46 line：请求头为：{'X-Lemonban-Media-Type': 'lemonban.v2', 'Content-Type': 'application/json'}
2020-07-01 21:45:24,901 py30 INFO handle_requests.py-47 line：请求方法为：post
2020-07-01 21:45:24,902 py30 INFO handle_requests.py-48 line：请求url为：http://api.lemonban.com/futureloan/member/register
2020-07-01 21:45:24,902 py30 INFO handle_requests.py-49 line：请求数据为：{'mobile_phone': '155000000001', 'pwd': '12345678', 'type': 1}
2020-07-01 21:45:24,968 py30 INFO handle_requests.py-56 line：响应状态码为：200
2020-07-01 21:45:24,970 py30 INFO handle_requests.py-57 line：响应数据为：{'code': 2, 'msg': '无效的手机格式', 'data': None, 'copyright': 'Copyright 柠檬班 © 2017-2020 湖南省零檬信息技术有限公司 All Rights Reserved'}
2020-07-01 21:45:24,975 py30 INFO test_register.py-37 line：执行用例6：手机号含有非法字符
2020-07-01 21:45:24,976 py30 INFO handle_requests.py-43 line：发起一次HTTP请求
2020-07-01 21:45:24,977 py30 INFO handle_requests.py-46 line：请求头为：{'X-Lemonban-Media-Type': 'lemonban.v2', 'Content-Type': 'application/json'}
2020-07-01 21:45:24,978 py30 INFO handle_requests.py-47 line：请求方法为：post
2020-07-01 21:45:24,978 py30 INFO handle_requests.py-48 line：请求url为：http://api.lemonban.com/futureloan/member/register
2020-07-01 21:45:24,978 py30 INFO handle_requests.py-49 line：请求数据为：{'mobile_phone': '1550000000q', 'pwd': '12345678', 'type': 1}
2020-07-01 21:45:25,038 py30 INFO handle_requests.py-56 line：响应状态码为：200
2020-07-01 21:45:25,038 py30 INFO handle_requests.py-57 line：响应数据为：{'code': 2, 'msg': '无效的手机格式', 'data': None, 'copyright': 'Copyright 柠檬班 © 2017-2020 湖南省零檬信息技术有限公司 All Rights Reserved'}
2020-07-01 21:45:25,039 py30 INFO test_register.py-37 line：执行用例7：已注册过的手机号
2020-07-01 21:45:25,039 py30 INFO handle_requests.py-43 line：发起一次HTTP请求
2020-07-01 21:45:25,039 py30 INFO handle_requests.py-46 line：请求头为：{'X-Lemonban-Media-Type': 'lemonban.v2', 'Content-Type': 'application/json'}
2020-07-01 21:45:25,039 py30 INFO handle_requests.py-47 line：请求方法为：post
2020-07-01 21:45:25,039 py30 INFO handle_requests.py-48 line：请求url为：http://api.lemonban.com/futureloan/member/register
2020-07-01 21:45:25,040 py30 INFO handle_requests.py-49 line：请求数据为：{'mobile_phone': '15500000000', 'pwd': '12345678', 'type': 1}
2020-07-01 21:45:25,155 py30 INFO handle_requests.py-56 line：响应状态码为：200
2020-07-01 21:45:25,156 py30 INFO handle_requests.py-57 line：响应数据为：{'code': 2, 'msg': '账号已存在', 'data': None, 'copyright': 'Copyright 柠檬班 © 2017-2020 湖南省零檬信息技术有限公司 All Rights Reserved'}
2020-07-01 21:45:25,157 py30 INFO test_register.py-37 line：执行用例8：密码7位
2020-07-01 21:45:25,158 py30 INFO handle_requests.py-43 line：发起一次HTTP请求
2020-07-01 21:45:25,159 py30 INFO handle_requests.py-46 line：请求头为：{'X-Lemonban-Media-Type': 'lemonban.v2', 'Content-Type': 'application/json'}
2020-07-01 21:45:25,159 py30 INFO handle_requests.py-47 line：请求方法为：post
2020-07-01 21:45:25,159 py30 INFO handle_requests.py-48 line：请求url为：http://api.lemonban.com/futureloan/member/register
2020-07-01 21:45:25,159 py30 INFO handle_requests.py-49 line：请求数据为：{'mobile_phone': '15500056781', 'pwd': '1234567', 'type': 1}
2020-07-01 21:45:25,236 py30 INFO handle_requests.py-56 line：响应状态码为：200
2020-07-01 21:45:25,238 py30 INFO handle_requests.py-57 line：响应数据为：{'code': 2, 'msg': '密码格式为8到16位', 'data': None, 'copyright': 'Copyright 柠檬班 © 2017-2020 湖南省零檬信息技术有限公司 All Rights Reserved'}
2020-07-01 21:45:25,243 py30 INFO test_register.py-37 line：执行用例9：密码17位
2020-07-01 21:45:25,244 py30 INFO handle_requests.py-43 line：发起一次HTTP请求
2020-07-01 21:45:25,244 py30 INFO handle_requests.py-46 line：请求头为：{'X-Lemonban-Media-Type': 'lemonban.v2', 'Content-Type': 'application/json'}
2020-07-01 21:45:25,245 py30 INFO handle_requests.py-47 line：请求方法为：post
2020-07-01 21:45:25,245 py30 INFO handle_requests.py-48 line：请求url为：http://api.lemonban.com/futureloan/member/register
2020-07-01 21:45:25,246 py30 INFO handle_requests.py-49 line：请求数据为：{'mobile_phone': '15500000001', 'pwd': '12345678901234567', 'type': 1}
2020-07-01 21:45:25,305 py30 INFO handle_requests.py-56 line：响应状态码为：200
2020-07-01 21:45:25,306 py30 INFO handle_requests.py-57 line：响应数据为：{'code': 2, 'msg': '密码格式为8到16位', 'data': None, 'copyright': 'Copyright 柠檬班 © 2017-2020 湖南省零檬信息技术有限公司 All Rights Reserved'}
2020-07-01 21:45:25,306 py30 INFO test_register.py-37 line：执行用例10：不输入密码
2020-07-01 21:45:25,307 py30 INFO handle_requests.py-43 line：发起一次HTTP请求
2020-07-01 21:45:25,307 py30 INFO handle_requests.py-46 line：请求头为：{'X-Lemonban-Media-Type': 'lemonban.v2', 'Content-Type': 'application/json'}
2020-07-01 21:45:25,307 py30 INFO handle_requests.py-47 line：请求方法为：post
2020-07-01 21:45:25,307 py30 INFO handle_requests.py-48 line：请求url为：http://api.lemonban.com/futureloan/member/register
2020-07-01 21:45:25,307 py30 INFO handle_requests.py-49 line：请求数据为：{'mobile_phone': '13300000001', 'type': 1}
2020-07-01 21:45:25,366 py30 INFO handle_requests.py-56 line：响应状态码为：200
2020-07-01 21:45:25,366 py30 INFO handle_requests.py-57 line：响应数据为：{'code': 1, 'msg': '密码为空', 'data': None, 'copyright': 'Copyright 柠檬班 © 2017-2020 湖南省零檬信息技术有限公司 All Rights Reserved'}
2020-07-01 21:45:25,366 py30 INFO test_register.py-37 line：执行用例11：注册名11位
2020-07-01 21:45:25,367 py30 INFO handle_requests.py-43 line：发起一次HTTP请求
2020-07-01 21:45:25,367 py30 INFO handle_requests.py-46 line：请求头为：{'X-Lemonban-Media-Type': 'lemonban.v2', 'Content-Type': 'application/json'}
2020-07-01 21:45:25,367 py30 INFO handle_requests.py-47 line：请求方法为：post
2020-07-01 21:45:25,367 py30 INFO handle_requests.py-48 line：请求url为：http://api.lemonban.com/futureloan/member/register
2020-07-01 21:45:25,367 py30 INFO handle_requests.py-49 line：请求数据为：{'mobile_phone': '13303007856', 'pwd': '12345678', 'type': 1, 'reg_name': '12345678909991'}
2020-07-01 21:45:25,428 py30 INFO handle_requests.py-56 line：响应状态码为：200
2020-07-01 21:45:25,428 py30 INFO handle_requests.py-57 line：响应数据为：{'code': 2, 'msg': '用户昵称长度超过10位', 'data': None, 'copyright': 'Copyright 柠檬班 © 2017-2020 湖南省零檬信息技术有限公司 All Rights Reserved'}
2020-07-01 21:45:25,430 py30 INFO test_register.py-37 line：执行用例12：类型输入非0，1内容
2020-07-01 21:45:25,431 py30 INFO handle_requests.py-43 line：发起一次HTTP请求
2020-07-01 21:45:25,432 py30 INFO handle_requests.py-46 line：请求头为：{'X-Lemonban-Media-Type': 'lemonban.v2', 'Content-Type': 'application/json'}
2020-07-01 21:45:25,433 py30 INFO handle_requests.py-47 line：请求方法为：post
2020-07-01 21:45:25,433 py30 INFO handle_requests.py-48 line：请求url为：http://api.lemonban.com/futureloan/member/register
2020-07-01 21:45:25,434 py30 INFO handle_requests.py-49 line：请求数据为：{'mobile_phone': '13300003456', 'pwd': '12345678', 'type': 2}
2020-07-01 21:45:25,493 py30 INFO handle_requests.py-56 line：响应状态码为：200
2020-07-01 21:45:25,505 py30 INFO handle_requests.py-57 line：响应数据为：{'code': 2, 'msg': '不支持的用户类型', 'data': None, 'copyright': 'Copyright 柠檬班 © 2017-2020 湖南省零檬信息技术有限公司 All Rights Reserved'}
2020-07-01 21:45:25,506 py30 INFO test_register.py-37 line：执行用例13：不输入类型
2020-07-01 21:45:25,507 py30 INFO handle_requests.py-43 line：发起一次HTTP请求
2020-07-01 21:45:25,508 py30 INFO handle_requests.py-46 line：请求头为：{'X-Lemonban-Media-Type': 'lemonban.v2', 'Content-Type': 'application/json'}
2020-07-01 21:45:25,508 py30 INFO handle_requests.py-47 line：请求方法为：post
2020-07-01 21:45:25,508 py30 INFO handle_requests.py-48 line：请求url为：http://api.lemonban.com/futureloan/member/register
2020-07-01 21:45:25,509 py30 INFO handle_requests.py-49 line：请求数据为：{'mobile_phone': '#phone#', 'pwd': '12345678'}
2020-07-01 21:45:25,574 py30 INFO handle_requests.py-56 line：响应状态码为：200
2020-07-01 21:45:25,574 py30 INFO handle_requests.py-57 line：响应数据为：{'code': 2, 'msg': '无效的手机格式', 'data': None, 'copyright': 'Copyright 柠檬班 © 2017-2020 湖南省零檬信息技术有限公司 All Rights Reserved'}
2020-07-01 21:45:25,575 py30 ERROR test_register.py-46 line：断言失败！
Traceback (most recent call last):
  File "D:\Pychram-Workspace\py30-接口自动化\day4\TestCases\test_register.py", line 43, in test_register_ok
    self.assertEqual(response.json()["code"],expected["code"])
  File "D:\python37\lib\unittest\case.py", line 839, in assertEqual
    assertion_func(first, second, msg=msg)
  File "D:\python37\lib\unittest\case.py", line 832, in _baseAssertEqual
    raise self.failureException(msg)
AssertionError: 2 != 0
2020-07-01 21:45:25,575 py30 INFO test_register.py-32 line：======  注册模块用例 执行结束  ========
2020-07-03 21:06:45,956 py30 INFO handle_requests.py-43 line：发起一次HTTP请求
2020-07-03 21:06:45,957 py30 INFO handle_requests.py-46 line：请求头为：{'X-Lemonban-Media-Type': 'lemonban.v2', 'Content-Type': 'application/json'}
2020-07-03 21:06:45,958 py30 INFO handle_requests.py-47 line：请求方法为：POST
2020-07-03 21:06:45,958 py30 INFO handle_requests.py-48 line：请求url为：http://api.lemonban.com/futureloan/member/register
2020-07-03 21:06:45,959 py30 INFO handle_requests.py-49 line：请求数据为：{'mobile_phone': '18600001120', 'pwd': '123456789', 'type': 1, 'reg_name': '美丽可爱的小简'}
2020-07-03 21:06:46,081 py30 INFO handle_requests.py-56 line：响应状态码为：200
2020-07-03 21:06:46,081 py30 INFO handle_requests.py-57 line：响应数据为：{'code': 0, 'msg': 'OK', 'data': {'id': 215966, 'reg_name': '美丽可爱的小简', 'mobile_phone': '18600001120'}, 'copyright': 'Copyright 柠檬班 © 2017-2020 湖南省零檬信息技术有限公司 All Rights Reserved'}
2020-07-03 21:12:58,899 py30 INFO handle_requests.py-43 line：发起一次HTTP请求
2020-07-03 21:12:58,900 py30 INFO handle_requests.py-46 line：请求头为：{'X-Lemonban-Media-Type': 'lemonban.v2', 'Content-Type': 'application/json'}
2020-07-03 21:12:58,901 py30 INFO handle_requests.py-47 line：请求方法为：POST
2020-07-03 21:12:58,901 py30 INFO handle_requests.py-48 line：请求url为：http://api.lemonban.com/futureloan/member/register
2020-07-03 21:12:58,902 py30 INFO handle_requests.py-49 line：请求数据为：{'mobile_phone': '18600001120', 'pwd': '123456789', 'type': 1, 'reg_name': '美丽可爱的小简'}
2020-07-03 21:12:59,026 py30 INFO handle_requests.py-56 line：响应状态码为：200
2020-07-03 21:12:59,027 py30 INFO handle_requests.py-57 line：响应数据为：{'code': 2, 'msg': '账号已存在', 'data': None, 'copyright': 'Copyright 柠檬班 © 2017-2020 湖南省零檬信息技术有限公司 All Rights Reserved'}
2020-07-03 21:41:27,503 py30 INFO test_register.py-31 line：======  注册模块用例 开始执行  ========
2020-07-03 21:41:27,504 py30 INFO test_register.py-40 line：*********   执行用例1：注册成功-带注册名   *********
2020-07-03 21:41:27,504 py30 INFO handle_requests.py-43 line：发起一次HTTP请求
2020-07-03 21:41:27,504 py30 INFO handle_requests.py-46 line：请求头为：{'X-Lemonban-Media-Type': 'lemonban.v2', 'Content-Type': 'application/json'}
2020-07-03 21:41:27,504 py30 INFO handle_requests.py-47 line：请求方法为：post
2020-07-03 21:41:27,504 py30 INFO handle_requests.py-48 line：请求url为：http://api.lemonban.com/futureloan/member/register
2020-07-03 21:41:27,504 py30 INFO handle_requests.py-49 line：请求数据为：{'mobile_phone': '18600001112', 'pwd': '123456789', 'type': 1, 'reg_name': '美丽可爱的小简'}
2020-07-03 21:41:27,619 py30 INFO handle_requests.py-56 line：响应状态码为：200
2020-07-03 21:41:27,620 py30 INFO handle_requests.py-57 line：响应数据为：{'code': 2, 'msg': '账号已存在', 'data': None, 'copyright': 'Copyright 柠檬班 © 2017-2020 湖南省零檬信息技术有限公司 All Rights Reserved'}
2020-07-03 21:41:27,620 py30 INFO test_register.py-45 line：用例的期望结果为：{"code":0,"msg":"OK"}
2020-07-03 21:41:27,620 py30 ERROR test_register.py-54 line：断言失败！
Traceback (most recent call last):
  File "D:\Pychram-Workspace\py30-接口自动化\day5\TestCases\test_register.py", line 47, in test_register_ok
    self.assertEqual(response.json()["code"],expected["code"])
  File "D:\python37\lib\unittest\case.py", line 839, in assertEqual
    assertion_func(first, second, msg=msg)
  File "D:\python37\lib\unittest\case.py", line 832, in _baseAssertEqual
    raise self.failureException(msg)
AssertionError: 2 != 0
2020-07-03 21:41:27,623 py30 INFO test_register.py-40 line：*********   执行用例2：成功-不带用户名   *********
2020-07-03 21:41:27,624 py30 INFO handle_requests.py-43 line：发起一次HTTP请求
2020-07-03 21:41:27,624 py30 INFO handle_requests.py-46 line：请求头为：{'X-Lemonban-Media-Type': 'lemonban.v2', 'Content-Type': 'application/json'}
2020-07-03 21:41:27,624 py30 INFO handle_requests.py-47 line：请求方法为：post
2020-07-03 21:41:27,624 py30 INFO handle_requests.py-48 line：请求url为：http://api.lemonban.com/futureloan/member/register
2020-07-03 21:41:27,624 py30 INFO handle_requests.py-49 line：请求数据为：{'mobile_phone': '18600001113', 'pwd': '123456789', 'type': 1}
2020-07-03 21:41:27,732 py30 INFO handle_requests.py-56 line：响应状态码为：200
2020-07-03 21:41:27,732 py30 INFO handle_requests.py-57 line：响应数据为：{'code': 2, 'msg': '账号已存在', 'data': None, 'copyright': 'Copyright 柠檬班 © 2017-2020 湖南省零檬信息技术有限公司 All Rights Reserved'}
2020-07-03 21:41:27,733 py30 INFO test_register.py-45 line：用例的期望结果为：{"code":1,"msg":"手机号为空"}
2020-07-03 21:41:27,733 py30 ERROR test_register.py-54 line：断言失败！
Traceback (most recent call last):
  File "D:\Pychram-Workspace\py30-接口自动化\day5\TestCases\test_register.py", line 47, in test_register_ok
    self.assertEqual(response.json()["code"],expected["code"])
  File "D:\python37\lib\unittest\case.py", line 839, in assertEqual
    assertion_func(first, second, msg=msg)
  File "D:\python37\lib\unittest\case.py", line 832, in _baseAssertEqual
    raise self.failureException(msg)
AssertionError: 2 != 1
2020-07-03 21:41:27,734 py30 INFO test_register.py-40 line：*********   执行用例3：不输入手机号   *********
2020-07-03 21:41:27,734 py30 INFO handle_requests.py-43 line：发起一次HTTP请求
2020-07-03 21:41:27,734 py30 INFO handle_requests.py-46 line：请求头为：{'X-Lemonban-Media-Type': 'lemonban.v2', 'Content-Type': 'application/json'}
2020-07-03 21:41:27,734 py30 INFO handle_requests.py-47 line：请求方法为：post
2020-07-03 21:41:27,735 py30 INFO handle_requests.py-48 line：请求url为：http://api.lemonban.com/futureloan/member/register
2020-07-03 21:41:27,735 py30 INFO handle_requests.py-49 line：请求数据为：{'pwd': '12345678', 'type': 1}
2020-07-03 21:41:27,795 py30 INFO handle_requests.py-56 line：响应状态码为：200
2020-07-03 21:41:27,796 py30 INFO handle_requests.py-57 line：响应数据为：{'code': 1, 'msg': '手机号为空', 'data': None, 'copyright': 'Copyright 柠檬班 © 2017-2020 湖南省零檬信息技术有限公司 All Rights Reserved'}
2020-07-03 21:41:27,796 py30 INFO test_register.py-45 line：用例的期望结果为：{"code":1,"msg":"手机号为空"}
2020-07-03 21:41:27,797 py30 INFO test_register.py-40 line：*********   执行用例4：手机号长度10位   *********
2020-07-03 21:41:27,798 py30 INFO handle_requests.py-43 line：发起一次HTTP请求
2020-07-03 21:41:27,798 py30 INFO handle_requests.py-46 line：请求头为：{'X-Lemonban-Media-Type': 'lemonban.v2', 'Content-Type': 'application/json'}
2020-07-03 21:41:27,798 py30 INFO handle_requests.py-47 line：请求方法为：post
2020-07-03 21:41:27,798 py30 INFO handle_requests.py-48 line：请求url为：http://api.lemonban.com/futureloan/member/register
2020-07-03 21:41:27,798 py30 INFO handle_requests.py-49 line：请求数据为：{'mobile_phone': '1550000000', 'pwd': '12345678', 'type': 1}
2020-07-03 21:41:27,852 py30 INFO handle_requests.py-56 line：响应状态码为：200
2020-07-03 21:41:27,853 py30 INFO handle_requests.py-57 line：响应数据为：{'code': 2, 'msg': '无效的手机格式', 'data': None, 'copyright': 'Copyright 柠檬班 © 2017-2020 湖南省零檬信息技术有限公司 All Rights Reserved'}
2020-07-03 21:41:27,853 py30 INFO test_register.py-45 line：用例的期望结果为：{"code":2,"msg":"无效的手机格式"}
2020-07-03 21:41:27,855 py30 INFO test_register.py-40 line：*********   执行用例5：手机号长度12位   *********
2020-07-03 21:41:27,856 py30 INFO handle_requests.py-43 line：发起一次HTTP请求
2020-07-03 21:41:27,856 py30 INFO handle_requests.py-46 line：请求头为：{'X-Lemonban-Media-Type': 'lemonban.v2', 'Content-Type': 'application/json'}
2020-07-03 21:41:27,856 py30 INFO handle_requests.py-47 line：请求方法为：post
2020-07-03 21:41:27,856 py30 INFO handle_requests.py-48 line：请求url为：http://api.lemonban.com/futureloan/member/register
2020-07-03 21:41:27,857 py30 INFO handle_requests.py-49 line：请求数据为：{'mobile_phone': '155000000001', 'pwd': '12345678', 'type': 1}
2020-07-03 21:41:27,920 py30 INFO handle_requests.py-56 line：响应状态码为：200
2020-07-03 21:41:27,921 py30 INFO handle_requests.py-57 line：响应数据为：{'code': 2, 'msg': '无效的手机格式', 'data': None, 'copyright': 'Copyright 柠檬班 © 2017-2020 湖南省零檬信息技术有限公司 All Rights Reserved'}
2020-07-03 21:41:27,921 py30 INFO test_register.py-45 line：用例的期望结果为：{"code":2,"msg":"无效的手机格式"}
2020-07-03 21:41:27,921 py30 INFO test_register.py-40 line：*********   执行用例6：手机号含有非法字符   *********
2020-07-03 21:41:27,922 py30 INFO handle_requests.py-43 line：发起一次HTTP请求
2020-07-03 21:41:27,922 py30 INFO handle_requests.py-46 line：请求头为：{'X-Lemonban-Media-Type': 'lemonban.v2', 'Content-Type': 'application/json'}
2020-07-03 21:41:27,922 py30 INFO handle_requests.py-47 line：请求方法为：post
2020-07-03 21:41:27,922 py30 INFO handle_requests.py-48 line：请求url为：http://api.lemonban.com/futureloan/member/register
2020-07-03 21:41:27,922 py30 INFO handle_requests.py-49 line：请求数据为：{'mobile_phone': '1550000000q', 'pwd': '12345678', 'type': 1}
2020-07-03 21:41:27,983 py30 INFO handle_requests.py-56 line：响应状态码为：200
2020-07-03 21:41:27,983 py30 INFO handle_requests.py-57 line：响应数据为：{'code': 2, 'msg': '无效的手机格式', 'data': None, 'copyright': 'Copyright 柠檬班 © 2017-2020 湖南省零檬信息技术有限公司 All Rights Reserved'}
2020-07-03 21:41:27,984 py30 INFO test_register.py-45 line：用例的期望结果为：{"code":2,"msg":"无效的手机格式"}
2020-07-03 21:41:27,986 py30 INFO test_register.py-40 line：*********   执行用例7：已注册过的手机号   *********
2020-07-03 21:41:27,987 py30 INFO handle_requests.py-43 line：发起一次HTTP请求
2020-07-03 21:41:27,989 py30 INFO handle_requests.py-46 line：请求头为：{'X-Lemonban-Media-Type': 'lemonban.v2', 'Content-Type': 'application/json'}
2020-07-03 21:41:27,989 py30 INFO handle_requests.py-47 line：请求方法为：post
2020-07-03 21:41:27,990 py30 INFO handle_requests.py-48 line：请求url为：http://api.lemonban.com/futureloan/member/register
2020-07-03 21:41:27,990 py30 INFO handle_requests.py-49 line：请求数据为：{'mobile_phone': '15500000000', 'pwd': '12345678', 'type': 1}
2020-07-03 21:41:28,094 py30 INFO handle_requests.py-56 line：响应状态码为：200
2020-07-03 21:41:28,094 py30 INFO handle_requests.py-57 line：响应数据为：{'code': 2, 'msg': '账号已存在', 'data': None, 'copyright': 'Copyright 柠檬班 © 2017-2020 湖南省零檬信息技术有限公司 All Rights Reserved'}
2020-07-03 21:41:28,094 py30 INFO test_register.py-45 line：用例的期望结果为：{"code":2,"msg":"账号已存在"}
2020-07-03 21:41:28,095 py30 INFO test_register.py-40 line：*********   执行用例8：密码7位   *********
2020-07-03 21:41:28,095 py30 INFO handle_requests.py-43 line：发起一次HTTP请求
2020-07-03 21:41:28,095 py30 INFO handle_requests.py-46 line：请求头为：{'X-Lemonban-Media-Type': 'lemonban.v2', 'Content-Type': 'application/json'}
2020-07-03 21:41:28,095 py30 INFO handle_requests.py-47 line：请求方法为：post
2020-07-03 21:41:28,095 py30 INFO handle_requests.py-48 line：请求url为：http://api.lemonban.com/futureloan/member/register
2020-07-03 21:41:28,096 py30 INFO handle_requests.py-49 line：请求数据为：{'mobile_phone': '15500056781', 'pwd': '1234567', 'type': 1}
2020-07-03 21:41:28,151 py30 INFO handle_requests.py-56 line：响应状态码为：200
2020-07-03 21:41:28,152 py30 INFO handle_requests.py-57 line：响应数据为：{'code': 2, 'msg': '密码格式为8到16位', 'data': None, 'copyright': 'Copyright 柠檬班 © 2017-2020 湖南省零檬信息技术有限公司 All Rights Reserved'}
2020-07-03 21:41:28,152 py30 INFO test_register.py-45 line：用例的期望结果为：{"code":2,"msg":"密码格式为8到16位"}
2020-07-03 21:41:28,153 py30 INFO test_register.py-40 line：*********   执行用例9：密码17位   *********
2020-07-03 21:41:28,153 py30 INFO handle_requests.py-43 line：发起一次HTTP请求
2020-07-03 21:41:28,153 py30 INFO handle_requests.py-46 line：请求头为：{'X-Lemonban-Media-Type': 'lemonban.v2', 'Content-Type': 'application/json'}
2020-07-03 21:41:28,153 py30 INFO handle_requests.py-47 line：请求方法为：post
2020-07-03 21:41:28,153 py30 INFO handle_requests.py-48 line：请求url为：http://api.lemonban.com/futureloan/member/register
2020-07-03 21:41:28,153 py30 INFO handle_requests.py-49 line：请求数据为：{'mobile_phone': '15500000001', 'pwd': '12345678901234567', 'type': 1}
2020-07-03 21:41:28,202 py30 INFO handle_requests.py-56 line：响应状态码为：200
2020-07-03 21:41:28,204 py30 INFO handle_requests.py-57 line：响应数据为：{'code': 2, 'msg': '密码格式为8到16位', 'data': None, 'copyright': 'Copyright 柠檬班 © 2017-2020 湖南省零檬信息技术有限公司 All Rights Reserved'}
2020-07-03 21:41:28,205 py30 INFO test_register.py-45 line：用例的期望结果为：{"code":2,"msg":"密码格式为8到16位"}
2020-07-03 21:41:28,209 py30 INFO test_register.py-40 line：*********   执行用例10：不输入密码   *********
2020-07-03 21:41:28,210 py30 INFO handle_requests.py-43 line：发起一次HTTP请求
2020-07-03 21:41:28,210 py30 INFO handle_requests.py-46 line：请求头为：{'X-Lemonban-Media-Type': 'lemonban.v2', 'Content-Type': 'application/json'}
2020-07-03 21:41:28,210 py30 INFO handle_requests.py-47 line：请求方法为：post
2020-07-03 21:41:28,211 py30 INFO handle_requests.py-48 line：请求url为：http://api.lemonban.com/futureloan/member/register
2020-07-03 21:41:28,211 py30 INFO handle_requests.py-49 line：请求数据为：{'mobile_phone': '13300000001', 'type': 1}
2020-07-03 21:41:28,261 py30 INFO handle_requests.py-56 line：响应状态码为：200
2020-07-03 21:41:28,262 py30 INFO handle_requests.py-57 line：响应数据为：{'code': 1, 'msg': '密码为空', 'data': None, 'copyright': 'Copyright 柠檬班 © 2017-2020 湖南省零檬信息技术有限公司 All Rights Reserved'}
2020-07-03 21:41:28,262 py30 INFO test_register.py-45 line：用例的期望结果为：{"code":1,"msg":"密码为空"}
2020-07-03 21:41:28,263 py30 INFO test_register.py-40 line：*********   执行用例11：注册名11位   *********
2020-07-03 21:41:28,263 py30 INFO handle_requests.py-43 line：发起一次HTTP请求
2020-07-03 21:41:28,264 py30 INFO handle_requests.py-46 line：请求头为：{'X-Lemonban-Media-Type': 'lemonban.v2', 'Content-Type': 'application/json'}
2020-07-03 21:41:28,264 py30 INFO handle_requests.py-47 line：请求方法为：post
2020-07-03 21:41:28,264 py30 INFO handle_requests.py-48 line：请求url为：http://api.lemonban.com/futureloan/member/register
2020-07-03 21:41:28,264 py30 INFO handle_requests.py-49 line：请求数据为：{'mobile_phone': '13303007856', 'pwd': '12345678', 'type': 1, 'reg_name': '12345678909991'}
2020-07-03 21:41:28,328 py30 INFO handle_requests.py-56 line：响应状态码为：200
2020-07-03 21:41:28,328 py30 INFO handle_requests.py-57 line：响应数据为：{'code': 2, 'msg': '用户昵称长度超过10位', 'data': None, 'copyright': 'Copyright 柠檬班 © 2017-2020 湖南省零檬信息技术有限公司 All Rights Reserved'}
2020-07-03 21:41:28,329 py30 INFO test_register.py-45 line：用例的期望结果为：{"code":2,"msg":"用户昵称长度超过10位"}
2020-07-03 21:41:28,330 py30 INFO test_register.py-40 line：*********   执行用例12：类型输入非0，1内容   *********
2020-07-03 21:41:28,330 py30 INFO handle_requests.py-43 line：发起一次HTTP请求
2020-07-03 21:41:28,330 py30 INFO handle_requests.py-46 line：请求头为：{'X-Lemonban-Media-Type': 'lemonban.v2', 'Content-Type': 'application/json'}
2020-07-03 21:41:28,331 py30 INFO handle_requests.py-47 line：请求方法为：post
2020-07-03 21:41:28,331 py30 INFO handle_requests.py-48 line：请求url为：http://api.lemonban.com/futureloan/member/register
2020-07-03 21:41:28,331 py30 INFO handle_requests.py-49 line：请求数据为：{'mobile_phone': '13300003456', 'pwd': '12345678', 'type': 2}
2020-07-03 21:41:28,396 py30 INFO handle_requests.py-56 line：响应状态码为：200
2020-07-03 21:41:28,397 py30 INFO handle_requests.py-57 line：响应数据为：{'code': 2, 'msg': '不支持的用户类型', 'data': None, 'copyright': 'Copyright 柠檬班 © 2017-2020 湖南省零檬信息技术有限公司 All Rights Reserved'}
2020-07-03 21:41:28,399 py30 INFO test_register.py-45 line：用例的期望结果为：{"code":2,"msg":"不支持的用户类型"}
2020-07-03 21:41:28,402 py30 INFO test_register.py-40 line：*********   执行用例13：不输入类型   *********
2020-07-03 21:41:28,402 py30 INFO handle_requests.py-43 line：发起一次HTTP请求
2020-07-03 21:41:28,402 py30 INFO handle_requests.py-46 line：请求头为：{'X-Lemonban-Media-Type': 'lemonban.v2', 'Content-Type': 'application/json'}
2020-07-03 21:41:28,402 py30 INFO handle_requests.py-47 line：请求方法为：post
2020-07-03 21:41:28,403 py30 INFO handle_requests.py-48 line：请求url为：http://api.lemonban.com/futureloan/member/register
2020-07-03 21:41:28,403 py30 INFO handle_requests.py-49 line：请求数据为：{'mobile_phone': '#phone#', 'pwd': '12345678'}
2020-07-03 21:41:28,455 py30 INFO handle_requests.py-56 line：响应状态码为：200
2020-07-03 21:41:28,455 py30 INFO handle_requests.py-57 line：响应数据为：{'code': 2, 'msg': '无效的手机格式', 'data': None, 'copyright': 'Copyright 柠檬班 © 2017-2020 湖南省零檬信息技术有限公司 All Rights Reserved'}
2020-07-03 21:41:28,455 py30 INFO test_register.py-45 line：用例的期望结果为：{"code":0,"msg":"OK"}
2020-07-03 21:41:28,455 py30 ERROR test_register.py-54 line：断言失败！
Traceback (most recent call last):
  File "D:\Pychram-Workspace\py30-接口自动化\day5\TestCases\test_register.py", line 47, in test_register_ok
    self.assertEqual(response.json()["code"],expected["code"])
  File "D:\python37\lib\unittest\case.py", line 839, in assertEqual
    assertion_func(first, second, msg=msg)
  File "D:\python37\lib\unittest\case.py", line 832, in _baseAssertEqual
    raise self.failureException(msg)
AssertionError: 2 != 0
2020-07-03 21:41:28,456 py30 INFO test_register.py-35 line：======  注册模块用例 执行结束  ========
2020-07-03 21:43:54,222 py30 INFO test_register.py-31 line：======  注册模块用例 开始执行  ========
2020-07-03 21:43:54,230 py30 INFO test_register.py-40 line：*********   执行用例1：注册成功-带注册名   *********
2020-07-03 21:43:54,231 py30 INFO handle_requests.py-43 line：发起一次HTTP请求
2020-07-03 21:43:54,231 py30 INFO handle_requests.py-46 line：请求头为：{'X-Lemonban-Media-Type': 'lemonban.v2', 'Content-Type': 'application/json'}
2020-07-03 21:43:54,231 py30 INFO handle_requests.py-47 line：请求方法为：post
2020-07-03 21:43:54,231 py30 INFO handle_requests.py-48 line：请求url为：http://api.lemonban.com/futureloan/member/register
2020-07-03 21:43:54,232 py30 INFO handle_requests.py-49 line：请求数据为：{'mobile_phone': '18600001112', 'pwd': '123456789', 'type': 1, 'reg_name': '美丽可爱的小简'}
2020-07-03 21:43:54,312 py30 INFO handle_requests.py-56 line：响应状态码为：200
2020-07-03 21:43:54,312 py30 INFO handle_requests.py-57 line：响应数据为：{'code': 2, 'msg': '账号已存在', 'data': None, 'copyright': 'Copyright 柠檬班 © 2017-2020 湖南省零檬信息技术有限公司 All Rights Reserved'}
2020-07-03 21:43:54,312 py30 INFO test_register.py-45 line：用例的期望结果为：{"code":0,"msg":"OK"}
2020-07-03 21:43:54,416 py30 INFO test_register.py-40 line：*********   执行用例2：成功-不带用户名   *********
2020-07-03 21:43:54,416 py30 INFO handle_requests.py-43 line：发起一次HTTP请求
2020-07-03 21:43:54,416 py30 INFO handle_requests.py-46 line：请求头为：{'X-Lemonban-Media-Type': 'lemonban.v2', 'Content-Type': 'application/json'}
2020-07-03 21:43:54,416 py30 INFO handle_requests.py-47 line：请求方法为：post
2020-07-03 21:43:54,417 py30 INFO handle_requests.py-48 line：请求url为：http://api.lemonban.com/futureloan/member/register
2020-07-03 21:43:54,417 py30 INFO handle_requests.py-49 line：请求数据为：{'mobile_phone': '18600001113', 'pwd': '123456789', 'type': 1}
2020-07-03 21:43:54,492 py30 INFO handle_requests.py-56 line：响应状态码为：200
2020-07-03 21:43:54,493 py30 INFO handle_requests.py-57 line：响应数据为：{'code': 2, 'msg': '账号已存在', 'data': None, 'copyright': 'Copyright 柠檬班 © 2017-2020 湖南省零檬信息技术有限公司 All Rights Reserved'}
2020-07-03 21:43:54,493 py30 INFO test_register.py-45 line：用例的期望结果为：{"code":1,"msg":"手机号为空"}
2020-07-03 21:43:54,604 py30 INFO test_register.py-40 line：*********   执行用例3：不输入手机号   *********
2020-07-03 21:43:54,604 py30 INFO handle_requests.py-43 line：发起一次HTTP请求
2020-07-03 21:43:54,605 py30 INFO handle_requests.py-46 line：请求头为：{'X-Lemonban-Media-Type': 'lemonban.v2', 'Content-Type': 'application/json'}
2020-07-03 21:43:54,605 py30 INFO handle_requests.py-47 line：请求方法为：post
2020-07-03 21:43:54,605 py30 INFO handle_requests.py-48 line：请求url为：http://api.lemonban.com/futureloan/member/register
2020-07-03 21:43:54,605 py30 INFO handle_requests.py-49 line：请求数据为：{'pwd': '12345678', 'type': 1}
2020-07-03 21:43:54,682 py30 INFO handle_requests.py-56 line：响应状态码为：200
2020-07-03 21:43:54,683 py30 INFO handle_requests.py-57 line：响应数据为：{'code': 1, 'msg': '手机号为空', 'data': None, 'copyright': 'Copyright 柠檬班 © 2017-2020 湖南省零檬信息技术有限公司 All Rights Reserved'}
2020-07-03 21:43:54,683 py30 INFO test_register.py-45 line：用例的期望结果为：{"code":1,"msg":"手机号为空"}
2020-07-03 21:43:54,684 py30 INFO test_register.py-40 line：*********   执行用例4：手机号长度10位   *********
2020-07-03 21:43:54,685 py30 INFO handle_requests.py-43 line：发起一次HTTP请求
2020-07-03 21:43:54,685 py30 INFO handle_requests.py-46 line：请求头为：{'X-Lemonban-Media-Type': 'lemonban.v2', 'Content-Type': 'application/json'}
2020-07-03 21:43:54,685 py30 INFO handle_requests.py-47 line：请求方法为：post
2020-07-03 21:43:54,685 py30 INFO handle_requests.py-48 line：请求url为：http://api.lemonban.com/futureloan/member/register
2020-07-03 21:43:54,686 py30 INFO handle_requests.py-49 line：请求数据为：{'mobile_phone': '1550000000', 'pwd': '12345678', 'type': 1}
2020-07-03 21:43:54,758 py30 INFO handle_requests.py-56 line：响应状态码为：200
2020-07-03 21:43:54,758 py30 INFO handle_requests.py-57 line：响应数据为：{'code': 2, 'msg': '无效的手机格式', 'data': None, 'copyright': 'Copyright 柠檬班 © 2017-2020 湖南省零檬信息技术有限公司 All Rights Reserved'}
2020-07-03 21:43:54,759 py30 INFO test_register.py-45 line：用例的期望结果为：{"code":2,"msg":"无效的手机格式"}
2020-07-03 21:43:54,760 py30 INFO test_register.py-40 line：*********   执行用例5：手机号长度12位   *********
2020-07-03 21:43:54,760 py30 INFO handle_requests.py-43 line：发起一次HTTP请求
2020-07-03 21:43:54,760 py30 INFO handle_requests.py-46 line：请求头为：{'X-Lemonban-Media-Type': 'lemonban.v2', 'Content-Type': 'application/json'}
2020-07-03 21:43:54,760 py30 INFO handle_requests.py-47 line：请求方法为：post
2020-07-03 21:43:54,760 py30 INFO handle_requests.py-48 line：请求url为：http://api.lemonban.com/futureloan/member/register
2020-07-03 21:43:54,760 py30 INFO handle_requests.py-49 line：请求数据为：{'mobile_phone': '155000000001', 'pwd': '12345678', 'type': 1}
2020-07-03 21:43:54,811 py30 INFO handle_requests.py-56 line：响应状态码为：200
2020-07-03 21:43:54,811 py30 INFO handle_requests.py-57 line：响应数据为：{'code': 2, 'msg': '无效的手机格式', 'data': None, 'copyright': 'Copyright 柠檬班 © 2017-2020 湖南省零檬信息技术有限公司 All Rights Reserved'}
2020-07-03 21:43:54,811 py30 INFO test_register.py-45 line：用例的期望结果为：{"code":2,"msg":"无效的手机格式"}
2020-07-03 21:43:54,812 py30 INFO test_register.py-40 line：*********   执行用例6：手机号含有非法字符   *********
2020-07-03 21:43:54,812 py30 INFO handle_requests.py-43 line：发起一次HTTP请求
2020-07-03 21:43:54,812 py30 INFO handle_requests.py-46 line：请求头为：{'X-Lemonban-Media-Type': 'lemonban.v2', 'Content-Type': 'application/json'}
2020-07-03 21:43:54,813 py30 INFO handle_requests.py-47 line：请求方法为：post
2020-07-03 21:43:54,816 py30 INFO handle_requests.py-48 line：请求url为：http://api.lemonban.com/futureloan/member/register
2020-07-03 21:43:54,816 py30 INFO handle_requests.py-49 line：请求数据为：{'mobile_phone': '1550000000q', 'pwd': '12345678', 'type': 1}
2020-07-03 21:43:54,880 py30 INFO handle_requests.py-56 line：响应状态码为：200
2020-07-03 21:43:54,881 py30 INFO handle_requests.py-57 line：响应数据为：{'code': 2, 'msg': '无效的手机格式', 'data': None, 'copyright': 'Copyright 柠檬班 © 2017-2020 湖南省零檬信息技术有限公司 All Rights Reserved'}
2020-07-03 21:43:54,883 py30 INFO test_register.py-45 line：用例的期望结果为：{"code":2,"msg":"无效的手机格式"}
2020-07-03 21:43:54,886 py30 INFO test_register.py-40 line：*********   执行用例7：已注册过的手机号   *********
2020-07-03 21:43:54,887 py30 INFO handle_requests.py-43 line：发起一次HTTP请求
2020-07-03 21:43:54,888 py30 INFO handle_requests.py-46 line：请求头为：{'X-Lemonban-Media-Type': 'lemonban.v2', 'Content-Type': 'application/json'}
2020-07-03 21:43:54,888 py30 INFO handle_requests.py-47 line：请求方法为：post
2020-07-03 21:43:54,889 py30 INFO handle_requests.py-48 line：请求url为：http://api.lemonban.com/futureloan/member/register
2020-07-03 21:43:54,889 py30 INFO handle_requests.py-49 line：请求数据为：{'mobile_phone': '15500000000', 'pwd': '12345678', 'type': 1}
2020-07-03 21:43:54,958 py30 INFO handle_requests.py-56 line：响应状态码为：200
2020-07-03 21:43:54,959 py30 INFO handle_requests.py-57 line：响应数据为：{'code': 2, 'msg': '账号已存在', 'data': None, 'copyright': 'Copyright 柠檬班 © 2017-2020 湖南省零檬信息技术有限公司 All Rights Reserved'}
2020-07-03 21:43:54,959 py30 INFO test_register.py-45 line：用例的期望结果为：{"code":2,"msg":"账号已存在"}
2020-07-03 21:43:54,960 py30 INFO test_register.py-40 line：*********   执行用例8：密码7位   *********
2020-07-03 21:43:54,961 py30 INFO handle_requests.py-43 line：发起一次HTTP请求
2020-07-03 21:43:54,961 py30 INFO handle_requests.py-46 line：请求头为：{'X-Lemonban-Media-Type': 'lemonban.v2', 'Content-Type': 'application/json'}
2020-07-03 21:43:54,961 py30 INFO handle_requests.py-47 line：请求方法为：post
2020-07-03 21:43:54,961 py30 INFO handle_requests.py-48 line：请求url为：http://api.lemonban.com/futureloan/member/register
2020-07-03 21:43:54,961 py30 INFO handle_requests.py-49 line：请求数据为：{'mobile_phone': '15500056781', 'pwd': '1234567', 'type': 1}
2020-07-03 21:43:55,025 py30 INFO handle_requests.py-56 line：响应状态码为：200
2020-07-03 21:43:55,026 py30 INFO handle_requests.py-57 line：响应数据为：{'code': 2, 'msg': '密码格式为8到16位', 'data': None, 'copyright': 'Copyright 柠檬班 © 2017-2020 湖南省零檬信息技术有限公司 All Rights Reserved'}
2020-07-03 21:43:55,026 py30 INFO test_register.py-45 line：用例的期望结果为：{"code":2,"msg":"密码格式为8到16位"}
2020-07-03 21:43:55,028 py30 INFO test_register.py-40 line：*********   执行用例9：密码17位   *********
2020-07-03 21:43:55,028 py30 INFO handle_requests.py-43 line：发起一次HTTP请求
2020-07-03 21:43:55,028 py30 INFO handle_requests.py-46 line：请求头为：{'X-Lemonban-Media-Type': 'lemonban.v2', 'Content-Type': 'application/json'}
2020-07-03 21:43:55,028 py30 INFO handle_requests.py-47 line：请求方法为：post
2020-07-03 21:43:55,028 py30 INFO handle_requests.py-48 line：请求url为：http://api.lemonban.com/futureloan/member/register
2020-07-03 21:43:55,028 py30 INFO handle_requests.py-49 line：请求数据为：{'mobile_phone': '15500000001', 'pwd': '12345678901234567', 'type': 1}
2020-07-03 21:43:55,086 py30 INFO handle_requests.py-56 line：响应状态码为：200
2020-07-03 21:43:55,086 py30 INFO handle_requests.py-57 line：响应数据为：{'code': 2, 'msg': '密码格式为8到16位', 'data': None, 'copyright': 'Copyright 柠檬班 © 2017-2020 湖南省零檬信息技术有限公司 All Rights Reserved'}
2020-07-03 21:43:55,087 py30 INFO test_register.py-45 line：用例的期望结果为：{"code":2,"msg":"密码格式为8到16位"}
2020-07-03 21:43:55,088 py30 INFO test_register.py-40 line：*********   执行用例10：不输入密码   *********
2020-07-03 21:43:55,088 py30 INFO handle_requests.py-43 line：发起一次HTTP请求
2020-07-03 21:43:55,089 py30 INFO handle_requests.py-46 line：请求头为：{'X-Lemonban-Media-Type': 'lemonban.v2', 'Content-Type': 'application/json'}
2020-07-03 21:43:55,089 py30 INFO handle_requests.py-47 line：请求方法为：post
2020-07-03 21:43:55,090 py30 INFO handle_requests.py-48 line：请求url为：http://api.lemonban.com/futureloan/member/register
2020-07-03 21:43:55,090 py30 INFO handle_requests.py-49 line：请求数据为：{'mobile_phone': '13300000001', 'type': 1}
2020-07-03 21:43:55,148 py30 INFO handle_requests.py-56 line：响应状态码为：200
2020-07-03 21:43:55,149 py30 INFO handle_requests.py-57 line：响应数据为：{'code': 1, 'msg': '密码为空', 'data': None, 'copyright': 'Copyright 柠檬班 © 2017-2020 湖南省零檬信息技术有限公司 All Rights Reserved'}
2020-07-03 21:43:55,149 py30 INFO test_register.py-45 line：用例的期望结果为：{"code":1,"msg":"密码为空"}
2020-07-03 21:43:55,150 py30 INFO test_register.py-40 line：*********   执行用例11：注册名11位   *********
2020-07-03 21:43:55,151 py30 INFO handle_requests.py-43 line：发起一次HTTP请求
2020-07-03 21:43:55,151 py30 INFO handle_requests.py-46 line：请求头为：{'X-Lemonban-Media-Type': 'lemonban.v2', 'Content-Type': 'application/json'}
2020-07-03 21:43:55,151 py30 INFO handle_requests.py-47 line：请求方法为：post
2020-07-03 21:43:55,151 py30 INFO handle_requests.py-48 line：请求url为：http://api.lemonban.com/futureloan/member/register
2020-07-03 21:43:55,151 py30 INFO handle_requests.py-49 line：请求数据为：{'mobile_phone': '13303007856', 'pwd': '12345678', 'type': 1, 'reg_name': '12345678909991'}
2020-07-03 21:43:55,217 py30 INFO handle_requests.py-56 line：响应状态码为：200
2020-07-03 21:43:55,217 py30 INFO handle_requests.py-57 line：响应数据为：{'code': 2, 'msg': '用户昵称长度超过10位', 'data': None, 'copyright': 'Copyright 柠檬班 © 2017-2020 湖南省零檬信息技术有限公司 All Rights Reserved'}
2020-07-03 21:43:55,217 py30 INFO test_register.py-45 line：用例的期望结果为：{"code":2,"msg":"用户昵称长度超过10位"}
2020-07-03 21:43:55,218 py30 INFO test_register.py-40 line：*********   执行用例12：类型输入非0，1内容   *********
2020-07-03 21:43:55,218 py30 INFO handle_requests.py-43 line：发起一次HTTP请求
2020-07-03 21:43:55,218 py30 INFO handle_requests.py-46 line：请求头为：{'X-Lemonban-Media-Type': 'lemonban.v2', 'Content-Type': 'application/json'}
2020-07-03 21:43:55,218 py30 INFO handle_requests.py-47 line：请求方法为：post
2020-07-03 21:43:55,218 py30 INFO handle_requests.py-48 line：请求url为：http://api.lemonban.com/futureloan/member/register
2020-07-03 21:43:55,218 py30 INFO handle_requests.py-49 line：请求数据为：{'mobile_phone': '13300003456', 'pwd': '12345678', 'type': 2}
2020-07-03 21:43:55,275 py30 INFO handle_requests.py-56 line：响应状态码为：200
2020-07-03 21:43:55,275 py30 INFO handle_requests.py-57 line：响应数据为：{'code': 2, 'msg': '不支持的用户类型', 'data': None, 'copyright': 'Copyright 柠檬班 © 2017-2020 湖南省零檬信息技术有限公司 All Rights Reserved'}
2020-07-03 21:43:55,276 py30 INFO test_register.py-45 line：用例的期望结果为：{"code":2,"msg":"不支持的用户类型"}
2020-07-03 21:43:55,276 py30 INFO test_register.py-40 line：*********   执行用例13：不输入类型   *********
2020-07-03 21:43:55,276 py30 INFO handle_requests.py-43 line：发起一次HTTP请求
2020-07-03 21:43:55,277 py30 INFO handle_requests.py-46 line：请求头为：{'X-Lemonban-Media-Type': 'lemonban.v2', 'Content-Type': 'application/json'}
2020-07-03 21:43:55,277 py30 INFO handle_requests.py-47 line：请求方法为：post
2020-07-03 21:43:55,277 py30 INFO handle_requests.py-48 line：请求url为：http://api.lemonban.com/futureloan/member/register
2020-07-03 21:43:55,277 py30 INFO handle_requests.py-49 line：请求数据为：{'mobile_phone': '18600001114', 'pwd': '12345678'}
2020-07-03 21:43:55,381 py30 INFO handle_requests.py-56 line：响应状态码为：200
2020-07-03 21:43:55,381 py30 INFO handle_requests.py-57 line：响应数据为：{'code': 2, 'msg': '账号已存在', 'data': None, 'copyright': 'Copyright 柠檬班 © 2017-2020 湖南省零檬信息技术有限公司 All Rights Reserved'}
2020-07-03 21:43:55,381 py30 INFO test_register.py-45 line：用例的期望结果为：{"code":0,"msg":"OK"}
2020-07-03 21:43:55,487 py30 INFO test_register.py-35 line：======  注册模块用例 执行结束  ========
2020-07-03 21:45:03,473 py30 INFO test_register.py-31 line：======  注册模块用例 开始执行  ========
2020-07-03 21:45:03,478 py30 INFO test_register.py-41 line：*********   执行用例1：注册成功-带注册名   *********
2020-07-03 21:45:03,478 py30 INFO handle_requests.py-43 line：发起一次HTTP请求
2020-07-03 21:45:03,478 py30 INFO handle_requests.py-46 line：请求头为：{'X-Lemonban-Media-Type': 'lemonban.v2', 'Content-Type': 'application/json'}
2020-07-03 21:45:03,478 py30 INFO handle_requests.py-47 line：请求方法为：post
2020-07-03 21:45:03,478 py30 INFO handle_requests.py-48 line：请求url为：http://api.lemonban.com/futureloan/member/register
2020-07-03 21:45:03,479 py30 INFO handle_requests.py-49 line：请求数据为：{'mobile_phone': '18600001112', 'pwd': '123456789', 'type': 1, 'reg_name': '美丽可爱的小简'}
2020-07-03 21:45:03,556 py30 INFO handle_requests.py-56 line：响应状态码为：200
2020-07-03 21:45:03,557 py30 INFO handle_requests.py-57 line：响应数据为：{'code': 2, 'msg': '账号已存在', 'data': None, 'copyright': 'Copyright 柠檬班 © 2017-2020 湖南省零檬信息技术有限公司 All Rights Reserved'}
2020-07-03 21:45:03,557 py30 INFO test_register.py-46 line：用例的期望结果为：{"code":0,"msg":"OK"}
2020-07-03 21:45:03,692 py30 INFO test_register.py-41 line：*********   执行用例2：成功-不带用户名   *********
2020-07-03 21:45:03,692 py30 INFO handle_requests.py-43 line：发起一次HTTP请求
2020-07-03 21:45:03,692 py30 INFO handle_requests.py-46 line：请求头为：{'X-Lemonban-Media-Type': 'lemonban.v2', 'Content-Type': 'application/json'}
2020-07-03 21:45:03,692 py30 INFO handle_requests.py-47 line：请求方法为：post
2020-07-03 21:45:03,693 py30 INFO handle_requests.py-48 line：请求url为：http://api.lemonban.com/futureloan/member/register
2020-07-03 21:45:03,693 py30 INFO handle_requests.py-49 line：请求数据为：{'mobile_phone': '18600001113', 'pwd': '123456789', 'type': 1}
2020-07-03 21:45:03,758 py30 INFO handle_requests.py-56 line：响应状态码为：200
2020-07-03 21:45:03,759 py30 INFO handle_requests.py-57 line：响应数据为：{'code': 2, 'msg': '账号已存在', 'data': None, 'copyright': 'Copyright 柠檬班 © 2017-2020 湖南省零檬信息技术有限公司 All Rights Reserved'}
2020-07-03 21:45:03,759 py30 INFO test_register.py-46 line：用例的期望结果为：{"code":1,"msg":"手机号为空"}
2020-07-03 21:45:03,864 py30 INFO test_register.py-41 line：*********   执行用例3：不输入手机号   *********
2020-07-03 21:45:03,865 py30 INFO handle_requests.py-43 line：发起一次HTTP请求
2020-07-03 21:45:03,865 py30 INFO handle_requests.py-46 line：请求头为：{'X-Lemonban-Media-Type': 'lemonban.v2', 'Content-Type': 'application/json'}
2020-07-03 21:45:03,865 py30 INFO handle_requests.py-47 line：请求方法为：post
2020-07-03 21:45:03,865 py30 INFO handle_requests.py-48 line：请求url为：http://api.lemonban.com/futureloan/member/register
2020-07-03 21:45:03,865 py30 INFO handle_requests.py-49 line：请求数据为：{'pwd': '12345678', 'type': 1}
2020-07-03 21:45:03,912 py30 INFO handle_requests.py-56 line：响应状态码为：200
2020-07-03 21:45:03,912 py30 INFO handle_requests.py-57 line：响应数据为：{'code': 1, 'msg': '手机号为空', 'data': None, 'copyright': 'Copyright 柠檬班 © 2017-2020 湖南省零檬信息技术有限公司 All Rights Reserved'}
2020-07-03 21:45:03,912 py30 INFO test_register.py-46 line：用例的期望结果为：{"code":1,"msg":"手机号为空"}
2020-07-03 21:45:03,913 py30 INFO test_register.py-41 line：*********   执行用例4：手机号长度10位   *********
2020-07-03 21:45:03,914 py30 INFO handle_requests.py-43 line：发起一次HTTP请求
2020-07-03 21:45:03,914 py30 INFO handle_requests.py-46 line：请求头为：{'X-Lemonban-Media-Type': 'lemonban.v2', 'Content-Type': 'application/json'}
2020-07-03 21:45:03,914 py30 INFO handle_requests.py-47 line：请求方法为：post
2020-07-03 21:45:03,914 py30 INFO handle_requests.py-48 line：请求url为：http://api.lemonban.com/futureloan/member/register
2020-07-03 21:45:03,914 py30 INFO handle_requests.py-49 line：请求数据为：{'mobile_phone': '1550000000', 'pwd': '12345678', 'type': 1}
2020-07-03 21:45:03,980 py30 INFO handle_requests.py-56 line：响应状态码为：200
2020-07-03 21:45:03,980 py30 INFO handle_requests.py-57 line：响应数据为：{'code': 2, 'msg': '无效的手机格式', 'data': None, 'copyright': 'Copyright 柠檬班 © 2017-2020 湖南省零檬信息技术有限公司 All Rights Reserved'}
2020-07-03 21:45:03,980 py30 INFO test_register.py-46 line：用例的期望结果为：{"code":2,"msg":"无效的手机格式"}
2020-07-03 21:45:03,982 py30 INFO test_register.py-41 line：*********   执行用例5：手机号长度12位   *********
2020-07-03 21:45:03,982 py30 INFO handle_requests.py-43 line：发起一次HTTP请求
2020-07-03 21:45:03,982 py30 INFO handle_requests.py-46 line：请求头为：{'X-Lemonban-Media-Type': 'lemonban.v2', 'Content-Type': 'application/json'}
2020-07-03 21:45:03,982 py30 INFO handle_requests.py-47 line：请求方法为：post
2020-07-03 21:45:03,983 py30 INFO handle_requests.py-48 line：请求url为：http://api.lemonban.com/futureloan/member/register
2020-07-03 21:45:03,983 py30 INFO handle_requests.py-49 line：请求数据为：{'mobile_phone': '155000000001', 'pwd': '12345678', 'type': 1}
2020-07-03 21:45:04,033 py30 INFO handle_requests.py-56 line：响应状态码为：200
2020-07-03 21:45:04,033 py30 INFO handle_requests.py-57 line：响应数据为：{'code': 2, 'msg': '无效的手机格式', 'data': None, 'copyright': 'Copyright 柠檬班 © 2017-2020 湖南省零檬信息技术有限公司 All Rights Reserved'}
2020-07-03 21:45:04,033 py30 INFO test_register.py-46 line：用例的期望结果为：{"code":2,"msg":"无效的手机格式"}
2020-07-03 21:45:04,034 py30 INFO test_register.py-41 line：*********   执行用例6：手机号含有非法字符   *********
2020-07-03 21:45:04,034 py30 INFO handle_requests.py-43 line：发起一次HTTP请求
2020-07-03 21:45:04,034 py30 INFO handle_requests.py-46 line：请求头为：{'X-Lemonban-Media-Type': 'lemonban.v2', 'Content-Type': 'application/json'}
2020-07-03 21:45:04,034 py30 INFO handle_requests.py-47 line：请求方法为：post
2020-07-03 21:45:04,034 py30 INFO handle_requests.py-48 line：请求url为：http://api.lemonban.com/futureloan/member/register
2020-07-03 21:45:04,034 py30 INFO handle_requests.py-49 line：请求数据为：{'mobile_phone': '1550000000q', 'pwd': '12345678', 'type': 1}
2020-07-03 21:45:04,102 py30 INFO handle_requests.py-56 line：响应状态码为：200
2020-07-03 21:45:04,103 py30 INFO handle_requests.py-57 line：响应数据为：{'code': 2, 'msg': '无效的手机格式', 'data': None, 'copyright': 'Copyright 柠檬班 © 2017-2020 湖南省零檬信息技术有限公司 All Rights Reserved'}
2020-07-03 21:45:04,105 py30 INFO test_register.py-46 line：用例的期望结果为：{"code":2,"msg":"无效的手机格式"}
2020-07-03 21:45:04,105 py30 INFO test_register.py-41 line：*********   执行用例7：已注册过的手机号   *********
2020-07-03 21:45:04,107 py30 INFO handle_requests.py-43 line：发起一次HTTP请求
2020-07-03 21:45:04,107 py30 INFO handle_requests.py-46 line：请求头为：{'X-Lemonban-Media-Type': 'lemonban.v2', 'Content-Type': 'application/json'}
2020-07-03 21:45:04,107 py30 INFO handle_requests.py-47 line：请求方法为：post
2020-07-03 21:45:04,107 py30 INFO handle_requests.py-48 line：请求url为：http://api.lemonban.com/futureloan/member/register
2020-07-03 21:45:04,107 py30 INFO handle_requests.py-49 line：请求数据为：{'mobile_phone': '15500000000', 'pwd': '12345678', 'type': 1}
2020-07-03 21:45:04,164 py30 INFO handle_requests.py-56 line：响应状态码为：200
2020-07-03 21:45:04,164 py30 INFO handle_requests.py-57 line：响应数据为：{'code': 2, 'msg': '账号已存在', 'data': None, 'copyright': 'Copyright 柠檬班 © 2017-2020 湖南省零檬信息技术有限公司 All Rights Reserved'}
2020-07-03 21:45:04,165 py30 INFO test_register.py-46 line：用例的期望结果为：{"code":2,"msg":"账号已存在"}
2020-07-03 21:45:04,166 py30 INFO test_register.py-41 line：*********   执行用例8：密码7位   *********
2020-07-03 21:45:04,166 py30 INFO handle_requests.py-43 line：发起一次HTTP请求
2020-07-03 21:45:04,167 py30 INFO handle_requests.py-46 line：请求头为：{'X-Lemonban-Media-Type': 'lemonban.v2', 'Content-Type': 'application/json'}
2020-07-03 21:45:04,168 py30 INFO handle_requests.py-47 line：请求方法为：post
2020-07-03 21:45:04,169 py30 INFO handle_requests.py-48 line：请求url为：http://api.lemonban.com/futureloan/member/register
2020-07-03 21:45:04,170 py30 INFO handle_requests.py-49 line：请求数据为：{'mobile_phone': '15500056781', 'pwd': '1234567', 'type': 1}
2020-07-03 21:45:04,233 py30 INFO handle_requests.py-56 line：响应状态码为：200
2020-07-03 21:45:04,233 py30 INFO handle_requests.py-57 line：响应数据为：{'code': 2, 'msg': '密码格式为8到16位', 'data': None, 'copyright': 'Copyright 柠檬班 © 2017-2020 湖南省零檬信息技术有限公司 All Rights Reserved'}
2020-07-03 21:45:04,234 py30 INFO test_register.py-46 line：用例的期望结果为：{"code":2,"msg":"密码格式为8到16位"}
2020-07-03 21:45:04,235 py30 INFO test_register.py-41 line：*********   执行用例9：密码17位   *********
2020-07-03 21:45:04,236 py30 INFO handle_requests.py-43 line：发起一次HTTP请求
2020-07-03 21:45:04,237 py30 INFO handle_requests.py-46 line：请求头为：{'X-Lemonban-Media-Type': 'lemonban.v2', 'Content-Type': 'application/json'}
2020-07-03 21:45:04,237 py30 INFO handle_requests.py-47 line：请求方法为：post
2020-07-03 21:45:04,237 py30 INFO handle_requests.py-48 line：请求url为：http://api.lemonban.com/futureloan/member/register
2020-07-03 21:45:04,237 py30 INFO handle_requests.py-49 line：请求数据为：{'mobile_phone': '15500000001', 'pwd': '12345678901234567', 'type': 1}
2020-07-03 21:45:04,300 py30 INFO handle_requests.py-56 line：响应状态码为：200
2020-07-03 21:45:04,300 py30 INFO handle_requests.py-57 line：响应数据为：{'code': 2, 'msg': '密码格式为8到16位', 'data': None, 'copyright': 'Copyright 柠檬班 © 2017-2020 湖南省零檬信息技术有限公司 All Rights Reserved'}
2020-07-03 21:45:04,300 py30 INFO test_register.py-46 line：用例的期望结果为：{"code":2,"msg":"密码格式为8到16位"}
2020-07-03 21:45:04,301 py30 INFO test_register.py-41 line：*********   执行用例10：不输入密码   *********
2020-07-03 21:45:04,302 py30 INFO handle_requests.py-43 line：发起一次HTTP请求
2020-07-03 21:45:04,302 py30 INFO handle_requests.py-46 line：请求头为：{'X-Lemonban-Media-Type': 'lemonban.v2', 'Content-Type': 'application/json'}
2020-07-03 21:45:04,302 py30 INFO handle_requests.py-47 line：请求方法为：post
2020-07-03 21:45:04,302 py30 INFO handle_requests.py-48 line：请求url为：http://api.lemonban.com/futureloan/member/register
2020-07-03 21:45:04,302 py30 INFO handle_requests.py-49 line：请求数据为：{'mobile_phone': '13300000001', 'type': 1}
2020-07-03 21:45:04,355 py30 INFO handle_requests.py-56 line：响应状态码为：200
2020-07-03 21:45:04,355 py30 INFO handle_requests.py-57 line：响应数据为：{'code': 1, 'msg': '密码为空', 'data': None, 'copyright': 'Copyright 柠檬班 © 2017-2020 湖南省零檬信息技术有限公司 All Rights Reserved'}
2020-07-03 21:45:04,356 py30 INFO test_register.py-46 line：用例的期望结果为：{"code":1,"msg":"密码为空"}
2020-07-03 21:45:04,362 py30 INFO test_register.py-41 line：*********   执行用例11：注册名11位   *********
2020-07-03 21:45:04,362 py30 INFO handle_requests.py-43 line：发起一次HTTP请求
2020-07-03 21:45:04,364 py30 INFO handle_requests.py-46 line：请求头为：{'X-Lemonban-Media-Type': 'lemonban.v2', 'Content-Type': 'application/json'}
2020-07-03 21:45:04,365 py30 INFO handle_requests.py-47 line：请求方法为：post
2020-07-03 21:45:04,365 py30 INFO handle_requests.py-48 line：请求url为：http://api.lemonban.com/futureloan/member/register
2020-07-03 21:45:04,365 py30 INFO handle_requests.py-49 line：请求数据为：{'mobile_phone': '13303007856', 'pwd': '12345678', 'type': 1, 'reg_name': '12345678909991'}
2020-07-03 21:45:04,425 py30 INFO handle_requests.py-56 line：响应状态码为：200
2020-07-03 21:45:04,426 py30 INFO handle_requests.py-57 line：响应数据为：{'code': 2, 'msg': '用户昵称长度超过10位', 'data': None, 'copyright': 'Copyright 柠檬班 © 2017-2020 湖南省零檬信息技术有限公司 All Rights Reserved'}
2020-07-03 21:45:04,427 py30 INFO test_register.py-46 line：用例的期望结果为：{"code":2,"msg":"用户昵称长度超过10位"}
2020-07-03 21:45:04,432 py30 INFO test_register.py-41 line：*********   执行用例12：类型输入非0，1内容   *********
2020-07-03 21:45:04,432 py30 INFO handle_requests.py-43 line：发起一次HTTP请求
2020-07-03 21:45:04,433 py30 INFO handle_requests.py-46 line：请求头为：{'X-Lemonban-Media-Type': 'lemonban.v2', 'Content-Type': 'application/json'}
2020-07-03 21:45:04,433 py30 INFO handle_requests.py-47 line：请求方法为：post
2020-07-03 21:45:04,433 py30 INFO handle_requests.py-48 line：请求url为：http://api.lemonban.com/futureloan/member/register
2020-07-03 21:45:04,434 py30 INFO handle_requests.py-49 line：请求数据为：{'mobile_phone': '13300003456', 'pwd': '12345678', 'type': 2}
2020-07-03 21:45:04,503 py30 INFO handle_requests.py-56 line：响应状态码为：200
2020-07-03 21:45:04,503 py30 INFO handle_requests.py-57 line：响应数据为：{'code': 2, 'msg': '不支持的用户类型', 'data': None, 'copyright': 'Copyright 柠檬班 © 2017-2020 湖南省零檬信息技术有限公司 All Rights Reserved'}
2020-07-03 21:45:04,504 py30 INFO test_register.py-46 line：用例的期望结果为：{"code":2,"msg":"不支持的用户类型"}
2020-07-03 21:45:04,506 py30 INFO test_register.py-41 line：*********   执行用例13：不输入类型   *********
2020-07-03 21:45:04,506 py30 INFO handle_requests.py-43 line：发起一次HTTP请求
2020-07-03 21:45:04,506 py30 INFO handle_requests.py-46 line：请求头为：{'X-Lemonban-Media-Type': 'lemonban.v2', 'Content-Type': 'application/json'}
2020-07-03 21:45:04,506 py30 INFO handle_requests.py-47 line：请求方法为：post
2020-07-03 21:45:04,506 py30 INFO handle_requests.py-48 line：请求url为：http://api.lemonban.com/futureloan/member/register
2020-07-03 21:45:04,511 py30 INFO handle_requests.py-49 line：请求数据为：{'mobile_phone': '18600001114', 'pwd': '12345678'}
2020-07-03 21:45:04,580 py30 INFO handle_requests.py-56 line：响应状态码为：200
2020-07-03 21:45:04,580 py30 INFO handle_requests.py-57 line：响应数据为：{'code': 2, 'msg': '账号已存在', 'data': None, 'copyright': 'Copyright 柠檬班 © 2017-2020 湖南省零檬信息技术有限公司 All Rights Reserved'}
2020-07-03 21:45:04,581 py30 INFO test_register.py-46 line：用例的期望结果为：{"code":0,"msg":"OK"}
2020-07-03 21:45:04,683 py30 INFO test_register.py-35 line：======  注册模块用例 执行结束  ========
